<?xml version="1.0" encoding="UTF-8"?>
<coverage generated="1769429700864" clover="3.2.0">
  <project timestamp="1769429700864" name="All files">
    <metrics statements="620" coveredstatements="515" conditionals="151" coveredconditionals="110" methods="159" coveredmethods="132" elements="930" coveredelements="757" complexity="0" loc="620" ncloc="620" packages="6" files="16" classes="16"/>
    <package name="contexts">
      <metrics statements="146" coveredstatements="141" conditionals="31" coveredconditionals="23" methods="41" coveredmethods="36"/>
      <file name="CategoryContext.tsx" path="C:\Users\minku\Desktop\programming\ToyProject\Household-account\web\src\contexts\CategoryContext.tsx">
        <metrics statements="72" coveredstatements="67" conditionals="16" coveredconditionals="10" methods="27" coveredmethods="22"/>
        <line num="3" count="1" type="stmt"/>
        <line num="14" count="1" type="stmt"/>
        <line num="15" count="1" type="stmt"/>
        <line num="37" count="1" type="stmt"/>
        <line num="40" count="1" type="stmt"/>
        <line num="45" count="13" type="stmt"/>
        <line num="46" count="33" type="stmt"/>
        <line num="47" count="33" type="stmt"/>
        <line num="48" count="33" type="stmt"/>
        <line num="51" count="33" type="stmt"/>
        <line num="52" count="13" type="cond" truecount="1" falsecount="1"/>
        <line num="55" count="13" type="stmt"/>
        <line num="56" count="0" type="cond" truecount="0" falsecount="1"/>
        <line num="57" count="0" type="cond" truecount="0" falsecount="2"/>
        <line num="60" count="13" type="stmt"/>
        <line num="61" count="13" type="stmt"/>
        <line num="65" count="33" type="stmt"/>
        <line num="66" count="26" type="cond" truecount="1" falsecount="0"/>
        <line num="67" count="13" type="stmt"/>
        <line num="68" count="13" type="stmt"/>
        <line num="69" count="13" type="stmt"/>
        <line num="76" count="13" type="stmt"/>
        <line num="79" count="13" type="stmt"/>
        <line num="80" count="13" type="stmt"/>
        <line num="81" count="13" type="stmt"/>
        <line num="85" count="13" type="stmt"/>
        <line num="87" count="13" type="stmt"/>
        <line num="88" count="13" type="cond" truecount="1" falsecount="0"/>
        <line num="89" count="13" type="stmt"/>
        <line num="95" count="33" type="stmt"/>
        <line num="97" count="0" type="stmt"/>
        <line num="102" count="33" type="stmt"/>
        <line num="104" count="40" type="stmt"/>
        <line num="105" count="40" type="cond" truecount="2" falsecount="0"/>
        <line num="110" count="33" type="stmt"/>
        <line num="112" count="40" type="stmt"/>
        <line num="113" count="40" type="cond" truecount="2" falsecount="0"/>
        <line num="118" count="33" type="stmt"/>
        <line num="120" count="20" type="stmt"/>
        <line num="121" count="20" type="cond" truecount="2" falsecount="0"/>
        <line num="127" count="33" type="stmt"/>
        <line num="129" count="1" type="cond" truecount="0" falsecount="1"/>
        <line num="130" count="1" type="stmt"/>
        <line num="131" count="1" type="stmt"/>
        <line num="132" count="1" type="stmt"/>
        <line num="137" count="33" type="stmt"/>
        <line num="139" count="1" type="stmt"/>
        <line num="144" count="33" type="stmt"/>
        <line num="145" count="1" type="stmt"/>
        <line num="148" count="33" type="stmt"/>
        <line num="149" count="1" type="stmt"/>
        <line num="152" count="33" type="stmt"/>
        <line num="153" count="0" type="stmt"/>
        <line num="154" count="0" type="stmt"/>
        <line num="158" count="33" type="stmt"/>
        <line num="159" count="33" type="stmt"/>
        <line num="160" count="33" type="stmt"/>
        <line num="161" count="21" type="stmt"/>
        <line num="163" count="33" type="stmt"/>
        <line num="166" count="33" type="stmt"/>
        <line num="167" count="33" type="stmt"/>
        <line num="168" count="33" type="stmt"/>
        <line num="169" count="21" type="stmt"/>
        <line num="171" count="33" type="stmt"/>
        <line num="174" count="33" type="stmt"/>
        <line num="175" count="33" type="stmt"/>
        <line num="178" count="33" type="stmt"/>
        <line num="198" count="38" type="stmt"/>
        <line num="199" count="38" type="stmt"/>
        <line num="200" count="37" type="cond" truecount="1" falsecount="0"/>
        <line num="201" count="4" type="stmt"/>
        <line num="203" count="33" type="stmt"/>
      </file>
      <file name="HouseholdContext.tsx" path="C:\Users\minku\Desktop\programming\ToyProject\Household-account\web\src\contexts\HouseholdContext.tsx">
        <metrics statements="38" coveredstatements="38" conditionals="5" coveredconditionals="5" methods="6" coveredmethods="6"/>
        <line num="3" count="1" type="stmt"/>
        <line num="11" count="1" type="stmt"/>
        <line num="22" count="1" type="stmt"/>
        <line num="24" count="7" type="stmt"/>
        <line num="25" count="16" type="stmt"/>
        <line num="26" count="16" type="stmt"/>
        <line num="27" count="16" type="stmt"/>
        <line num="30" count="16" type="stmt"/>
        <line num="31" count="7" type="stmt"/>
        <line num="32" count="7" type="stmt"/>
        <line num="34" count="7" type="cond" truecount="1" falsecount="0"/>
        <line num="35" count="3" type="stmt"/>
        <line num="36" count="3" type="cond" truecount="2" falsecount="0"/>
        <line num="37" count="2" type="stmt"/>
        <line num="38" count="2" type="stmt"/>
        <line num="39" count="2" type="stmt"/>
        <line num="41" count="1" type="stmt"/>
        <line num="45" count="7" type="stmt"/>
        <line num="48" count="7" type="stmt"/>
        <line num="51" count="16" type="stmt"/>
        <line num="52" count="2" type="stmt"/>
        <line num="53" count="2" type="stmt"/>
        <line num="55" count="2" type="cond" truecount="1" falsecount="0"/>
        <line num="56" count="1" type="stmt"/>
        <line num="57" count="1" type="stmt"/>
        <line num="58" count="1" type="stmt"/>
        <line num="59" count="1" type="stmt"/>
        <line num="60" count="1" type="stmt"/>
        <line num="63" count="1" type="stmt"/>
        <line num="66" count="16" type="stmt"/>
        <line num="67" count="1" type="stmt"/>
        <line num="68" count="1" type="stmt"/>
        <line num="69" count="1" type="stmt"/>
        <line num="88" count="21" type="stmt"/>
        <line num="89" count="21" type="stmt"/>
        <line num="90" count="20" type="cond" truecount="1" falsecount="0"/>
        <line num="91" count="4" type="stmt"/>
        <line num="93" count="16" type="stmt"/>
      </file>
      <file name="ThemeContext.tsx" path="C:\Users\minku\Desktop\programming\ToyProject\Household-account\web\src\contexts\ThemeContext.tsx">
        <metrics statements="36" coveredstatements="36" conditionals="10" coveredconditionals="8" methods="8" coveredmethods="8"/>
        <line num="3" count="1" type="stmt"/>
        <line num="23" count="4" type="stmt"/>
        <line num="107" count="1" type="stmt"/>
        <line num="109" count="1" type="stmt"/>
        <line num="111" count="5" type="stmt"/>
        <line num="112" count="12" type="stmt"/>
        <line num="113" count="12" type="stmt"/>
        <line num="116" count="12" type="stmt"/>
        <line num="117" count="5" type="stmt"/>
        <line num="118" count="7" type="cond" truecount="3" falsecount="0"/>
        <line num="119" count="1" type="stmt"/>
        <line num="121" count="5" type="stmt"/>
        <line num="125" count="12" type="stmt"/>
        <line num="126" count="12" type="cond" truecount="1" falsecount="0"/>
        <line num="128" count="10" type="cond" truecount="1" falsecount="1"/>
        <line num="129" count="7" type="stmt"/>
        <line num="131" count="7" type="stmt"/>
        <line num="132" count="7" type="stmt"/>
        <line num="133" count="7" type="stmt"/>
        <line num="134" count="7" type="stmt"/>
        <line num="135" count="7" type="stmt"/>
        <line num="136" count="7" type="stmt"/>
        <line num="137" count="7" type="stmt"/>
        <line num="138" count="7" type="stmt"/>
        <line num="141" count="7" type="stmt"/>
        <line num="142" count="7" type="stmt"/>
        <line num="145" count="12" type="stmt"/>
        <line num="146" count="2" type="stmt"/>
        <line num="147" count="2" type="stmt"/>
        <line num="150" count="15" type="cond" truecount="1" falsecount="1"/>
        <line num="152" count="12" type="cond" truecount="1" falsecount="0"/>
        <line num="167" count="17" type="stmt"/>
        <line num="168" count="17" type="stmt"/>
        <line num="169" count="16" type="cond" truecount="1" falsecount="0"/>
        <line num="170" count="4" type="stmt"/>
        <line num="172" count="12" type="stmt"/>
      </file>
    </package>
    <package name="hooks">
      <metrics statements="65" coveredstatements="65" conditionals="11" coveredconditionals="11" methods="22" coveredmethods="22"/>
      <file name="useExpenses.ts" path="C:\Users\minku\Desktop\programming\ToyProject\Household-account\web\src\hooks\useExpenses.ts">
        <metrics statements="30" coveredstatements="30" conditionals="0" coveredconditionals="0" methods="16" coveredmethods="16"/>
        <line num="1" count="1" type="stmt"/>
        <line num="12" count="1" type="stmt"/>
        <line num="41" count="25" type="stmt"/>
        <line num="42" count="25" type="stmt"/>
        <line num="43" count="25" type="stmt"/>
        <line num="46" count="25" type="stmt"/>
        <line num="47" count="16" type="stmt"/>
        <line num="49" count="16" type="stmt"/>
        <line num="53" count="15" type="stmt"/>
        <line num="54" count="15" type="stmt"/>
        <line num="58" count="16" type="stmt"/>
        <line num="62" count="25" type="stmt"/>
        <line num="66" count="1" type="stmt"/>
        <line num="70" count="25" type="stmt"/>
        <line num="77" count="1" type="stmt"/>
        <line num="81" count="25" type="stmt"/>
        <line num="82" count="1" type="stmt"/>
        <line num="86" count="25" type="stmt"/>
        <line num="87" count="1" type="stmt"/>
        <line num="91" count="25" type="stmt"/>
        <line num="92" count="1" type="stmt"/>
        <line num="96" count="25" type="stmt"/>
        <line num="97" count="1" type="stmt"/>
        <line num="101" count="25" type="stmt"/>
        <line num="102" count="6" type="stmt"/>
        <line num="106" count="25" type="stmt"/>
        <line num="107" count="3" type="stmt"/>
        <line num="111" count="25" type="stmt"/>
        <line num="112" count="3" type="stmt"/>
        <line num="115" count="25" type="stmt"/>
      </file>
      <file name="useMonthNavigation.ts" path="C:\Users\minku\Desktop\programming\ToyProject\Household-account\web\src\hooks\useMonthNavigation.ts">
        <metrics statements="35" coveredstatements="35" conditionals="11" coveredconditionals="11" methods="6" coveredmethods="6"/>
        <line num="1" count="1" type="stmt"/>
        <line num="25" count="24" type="cond" truecount="1" falsecount="0"/>
        <line num="26" count="24" type="stmt"/>
        <line num="30" count="24" type="stmt"/>
        <line num="32" count="24" type="stmt"/>
        <line num="33" count="24" type="stmt"/>
        <line num="34" count="24" type="stmt"/>
        <line num="37" count="24" type="stmt"/>
        <line num="38" count="2" type="stmt"/>
        <line num="39" count="2" type="cond" truecount="2" falsecount="0"/>
        <line num="40" count="1" type="stmt"/>
        <line num="41" count="1" type="stmt"/>
        <line num="43" count="1" type="stmt"/>
        <line num="48" count="24" type="stmt"/>
        <line num="49" count="3" type="stmt"/>
        <line num="50" count="3" type="cond" truecount="2" falsecount="0"/>
        <line num="51" count="1" type="stmt"/>
        <line num="52" count="1" type="stmt"/>
        <line num="54" count="2" type="stmt"/>
        <line num="59" count="24" type="stmt"/>
        <line num="61" count="6" type="stmt"/>
        <line num="62" count="6" type="stmt"/>
        <line num="64" count="6" type="cond" truecount="2" falsecount="0"/>
        <line num="65" count="3" type="stmt"/>
        <line num="66" count="3" type="cond" truecount="2" falsecount="0"/>
        <line num="67" count="2" type="stmt"/>
        <line num="69" count="1" type="stmt"/>
        <line num="72" count="6" type="stmt"/>
        <line num="73" count="6" type="stmt"/>
        <line num="77" count="24" type="stmt"/>
        <line num="78" count="1" type="stmt"/>
        <line num="79" count="1" type="stmt"/>
        <line num="83" count="24" type="stmt"/>
        <line num="84" count="2" type="stmt"/>
        <line num="87" count="24" type="stmt"/>
      </file>
    </package>
    <package name="lib">
      <metrics statements="368" coveredstatements="268" conditionals="84" coveredconditionals="58" methods="83" coveredmethods="61"/>
      <file name="authService.ts" path="C:\Users\minku\Desktop\programming\ToyProject\Household-account\web\src\lib\authService.ts">
        <metrics statements="20" coveredstatements="20" conditionals="3" coveredconditionals="3" methods="5" coveredmethods="5"/>
        <line num="8" count="1" type="stmt"/>
        <line num="9" count="1" type="stmt"/>
        <line num="11" count="1" type="stmt"/>
        <line num="12" count="1" type="stmt"/>
        <line num="15" count="1" type="stmt"/>
        <line num="22" count="2" type="stmt"/>
        <line num="23" count="2" type="stmt"/>
        <line num="24" count="2" type="stmt"/>
        <line num="25" count="1" type="stmt"/>
        <line num="27" count="1" type="stmt"/>
        <line num="28" count="1" type="stmt"/>
        <line num="35" count="1" type="stmt"/>
        <line num="36" count="1" type="stmt"/>
        <line num="42" count="1" type="stmt"/>
        <line num="43" count="1" type="stmt"/>
        <line num="49" count="1" type="stmt"/>
        <line num="50" count="1" type="stmt"/>
        <line num="56" count="4" type="stmt"/>
        <line num="57" count="4" type="cond" truecount="3" falsecount="0"/>
        <line num="58" count="2" type="stmt"/>
      </file>
      <file name="budgetTransferService.ts" path="C:\Users\minku\Desktop\programming\ToyProject\Household-account\web\src\lib\budgetTransferService.ts">
        <metrics statements="28" coveredstatements="9" conditionals="9" coveredconditionals="4" methods="9" coveredmethods="2"/>
        <line num="10" count="1" type="stmt"/>
        <line num="11" count="1" type="stmt"/>
        <line num="16" count="1" type="stmt"/>
        <line num="21" count="0" type="stmt"/>
        <line num="29" count="0" type="stmt"/>
        <line num="38" count="0" type="stmt"/>
        <line num="44" count="0" type="stmt"/>
        <line num="45" count="0" type="stmt"/>
        <line num="46" count="0" type="stmt"/>
        <line num="52" count="0" type="stmt"/>
        <line num="57" count="0" type="cond" truecount="0" falsecount="1"/>
        <line num="58" count="0" type="stmt"/>
        <line num="59" count="0" type="stmt"/>
        <line num="62" count="0" type="stmt"/>
        <line num="68" count="0" type="stmt"/>
        <line num="69" count="0" type="stmt"/>
        <line num="70" count="0" type="stmt"/>
        <line num="71" count="0" type="stmt"/>
        <line num="82" count="0" type="stmt"/>
        <line num="84" count="0" type="stmt"/>
        <line num="85" count="0" type="stmt"/>
        <line num="88" count="0" type="stmt"/>
        <line num="97" count="6" type="stmt"/>
        <line num="100" count="6" type="stmt"/>
        <line num="102" count="6" type="stmt"/>
        <line num="104" count="10" type="cond" truecount="2" falsecount="0"/>
        <line num="106" count="10" type="cond" truecount="2" falsecount="0"/>
        <line num="109" count="6" type="stmt"/>
      </file>
      <file name="categoryService.ts" path="C:\Users\minku\Desktop\programming\ToyProject\Household-account\web\src\lib\categoryService.ts">
        <metrics statements="47" coveredstatements="47" conditionals="3" coveredconditionals="3" methods="12" coveredmethods="11"/>
        <line num="13" count="1" type="stmt"/>
        <line num="14" count="1" type="stmt"/>
        <line num="20" count="1" type="stmt"/>
        <line num="28" count="1" type="stmt"/>
        <line num="31" count="1" type="stmt"/>
        <line num="34" count="3" type="stmt"/>
        <line num="35" count="3" type="cond" truecount="1" falsecount="0"/>
        <line num="37" count="2" type="stmt"/>
        <line num="38" count="2" type="stmt"/>
        <line num="40" count="2" type="cond" truecount="1" falsecount="0"/>
        <line num="41" count="1" type="stmt"/>
        <line num="43" count="1" type="stmt"/>
        <line num="44" count="5" type="stmt"/>
        <line num="45" count="5" type="stmt"/>
        <line num="48" count="1" type="stmt"/>
        <line num="49" count="1" type="stmt"/>
        <line num="54" count="1" type="stmt"/>
        <line num="58" count="1" type="stmt"/>
        <line num="63" count="1" type="stmt"/>
        <line num="67" count="1" type="stmt"/>
        <line num="71" count="3" type="stmt"/>
        <line num="72" count="3" type="stmt"/>
        <line num="76" count="1" type="stmt"/>
        <line num="77" count="1" type="stmt"/>
        <line num="78" count="1" type="stmt"/>
        <line num="82" count="2" type="stmt"/>
        <line num="83" count="2" type="stmt"/>
        <line num="87" count="1" type="stmt"/>
        <line num="90" count="1" type="stmt"/>
        <line num="92" count="1" type="stmt"/>
        <line num="93" count="3" type="stmt"/>
        <line num="94" count="3" type="stmt"/>
        <line num="97" count="1" type="stmt"/>
        <line num="101" count="3" type="stmt"/>
        <line num="105" count="3" type="cond" truecount="1" falsecount="0"/>
        <line num="106" count="1" type="stmt"/>
        <line num="107" count="1" type="stmt"/>
        <line num="110" count="2" type="stmt"/>
        <line num="116" count="2" type="stmt"/>
        <line num="117" count="1" type="stmt"/>
        <line num="122" count="1" type="stmt"/>
        <line num="124" count="1" type="stmt"/>
        <line num="126" count="1" type="stmt"/>
        <line num="129" count="2" type="stmt"/>
        <line num="133" count="3" type="stmt"/>
        <line num="134" count="3" type="stmt"/>
        <line num="138" count="2" type="stmt"/>
      </file>
      <file name="expenseService.ts" path="C:\Users\minku\Desktop\programming\ToyProject\Household-account\web\src\lib\expenseService.ts">
        <metrics statements="115" coveredstatements="86" conditionals="34" coveredconditionals="27" methods="27" coveredmethods="19"/>
        <line num="15" count="1" type="stmt"/>
        <line num="16" count="1" type="stmt"/>
        <line num="18" count="1" type="stmt"/>
        <line num="20" count="1" type="stmt"/>
        <line num="26" count="16" type="stmt"/>
        <line num="27" count="16" type="cond" truecount="1" falsecount="0"/>
        <line num="28" count="1" type="stmt"/>
        <line num="30" count="15" type="stmt"/>
        <line num="37" count="18" type="stmt"/>
        <line num="38" count="18" type="stmt"/>
        <line num="56" count="2" type="stmt"/>
        <line num="57" count="2" type="stmt"/>
        <line num="58" count="1" type="stmt"/>
        <line num="63" count="1" type="stmt"/>
        <line num="69" count="1" type="stmt"/>
        <line num="70" count="1" type="stmt"/>
        <line num="71" count="1" type="stmt"/>
        <line num="77" count="1" type="stmt"/>
        <line num="78" count="1" type="stmt"/>
        <line num="79" count="1" type="stmt"/>
        <line num="85" count="5" type="stmt"/>
        <line num="90" count="5" type="stmt"/>
        <line num="91" count="5" type="stmt"/>
        <line num="92" count="5" type="stmt"/>
        <line num="95" count="5" type="stmt"/>
        <line num="100" count="5" type="stmt"/>
        <line num="101" count="5" type="stmt"/>
        <line num="104" count="5" type="stmt"/>
        <line num="105" count="13" type="cond" truecount="2" falsecount="0"/>
        <line num="106" count="8" type="stmt"/>
        <line num="108" count="5" type="stmt"/>
        <line num="110" count="0" type="stmt"/>
        <line num="111" count="0" type="stmt"/>
        <line num="114" count="5" type="stmt"/>
        <line num="120" count="1" type="stmt"/>
        <line num="121" count="1" type="stmt"/>
        <line num="122" count="1" type="stmt"/>
        <line num="128" count="0" type="stmt"/>
        <line num="133" count="0" type="stmt"/>
        <line num="135" count="0" type="stmt"/>
        <line num="140" count="0" type="stmt"/>
        <line num="141" count="0" type="stmt"/>
        <line num="143" count="0" type="stmt"/>
        <line num="144" count="0" type="cond" truecount="0" falsecount="2"/>
        <line num="145" count="0" type="stmt"/>
        <line num="147" count="0" type="stmt"/>
        <line num="149" count="0" type="stmt"/>
        <line num="150" count="0" type="stmt"/>
        <line num="153" count="0" type="stmt"/>
        <line num="159" count="2" type="stmt"/>
        <line num="166" count="2" type="stmt"/>
        <line num="167" count="2" type="stmt"/>
        <line num="168" count="2" type="stmt"/>
        <line num="170" count="2" type="stmt"/>
        <line num="182" count="2" type="stmt"/>
        <line num="188" count="0" type="stmt"/>
        <line num="191" count="0" type="stmt"/>
        <line num="192" count="0" type="stmt"/>
        <line num="198" count="0" type="stmt"/>
        <line num="202" count="0" type="stmt"/>
        <line num="204" count="0" type="stmt"/>
        <line num="206" count="0" type="stmt"/>
        <line num="207" count="0" type="stmt"/>
        <line num="208" count="0" type="cond" truecount="0" falsecount="2"/>
        <line num="211" count="0" type="cond" truecount="0" falsecount="1"/>
        <line num="212" count="0" type="cond" truecount="0" falsecount="2"/>
        <line num="213" count="0" type="stmt"/>
        <line num="214" count="0" type="stmt"/>
        <line num="218" count="0" type="stmt"/>
        <line num="232" count="2" type="stmt"/>
        <line num="236" count="2" type="stmt"/>
        <line num="238" count="2" type="stmt"/>
        <line num="240" count="2" type="stmt"/>
        <line num="241" count="2" type="stmt"/>
        <line num="244" count="2" type="stmt"/>
        <line num="245" count="2" type="stmt"/>
        <line num="246" count="4" type="stmt"/>
        <line num="247" count="4" type="stmt"/>
        <line num="259" count="4" type="stmt"/>
        <line num="262" count="2" type="stmt"/>
        <line num="271" count="3" type="stmt"/>
        <line num="275" count="3" type="stmt"/>
        <line num="277" count="3" type="stmt"/>
        <line num="280" count="3" type="cond" truecount="2" falsecount="0"/>
        <line num="281" count="3" type="stmt"/>
        <line num="300" count="3" type="stmt"/>
        <line num="301" count="3" type="stmt"/>
        <line num="304" count="3" type="stmt"/>
        <line num="305" count="3" type="stmt"/>
        <line num="313" count="3" type="stmt"/>
        <line num="314" count="3" type="cond" truecount="3" falsecount="0"/>
        <line num="315" count="1" type="stmt"/>
        <line num="318" count="2" type="stmt"/>
        <line num="320" count="2" type="stmt"/>
        <line num="321" count="2" type="stmt"/>
        <line num="324" count="2" type="stmt"/>
        <line num="325" count="4" type="stmt"/>
        <line num="326" count="4" type="stmt"/>
        <line num="338" count="4" type="stmt"/>
        <line num="342" count="2" type="stmt"/>
        <line num="343" count="2" type="stmt"/>
        <line num="345" count="2" type="stmt"/>
        <line num="353" count="5" type="stmt"/>
        <line num="354" count="5" type="cond" truecount="1" falsecount="0"/>
        <line num="355" count="2" type="stmt"/>
        <line num="358" count="3" type="stmt"/>
        <line num="360" count="3" type="stmt"/>
        <line num="365" count="3" type="stmt"/>
        <line num="366" count="3" type="stmt"/>
        <line num="368" count="3" type="stmt"/>
        <line num="371" count="5" type="stmt"/>
        <line num="372" count="5" type="stmt"/>
        <line num="373" count="5" type="cond" truecount="2" falsecount="0"/>
        <line num="375" count="0" type="stmt"/>
        <line num="377" count="3" type="stmt"/>
      </file>
      <file name="firebase.ts" path="C:\Users\minku\Desktop\programming\ToyProject\Household-account\web\src\lib\firebase.ts">
        <metrics statements="6" coveredstatements="5" conditionals="2" coveredconditionals="1" methods="0" coveredmethods="0"/>
        <line num="1" count="1" type="stmt"/>
        <line num="2" count="1" type="stmt"/>
        <line num="4" count="1" type="stmt"/>
        <line num="15" count="1" type="cond" truecount="1" falsecount="1"/>
        <line num="16" count="1" type="stmt"/>
        <line num="18" count="0" type="stmt"/>
      </file>
      <file name="householdService.ts" path="C:\Users\minku\Desktop\programming\ToyProject\Household-account\web\src\lib\householdService.ts">
        <metrics statements="49" coveredstatements="39" conditionals="11" coveredconditionals="9" methods="11" coveredmethods="10"/>
        <line num="9" count="1" type="stmt"/>
        <line num="10" count="1" type="stmt"/>
        <line num="12" count="1" type="stmt"/>
        <line num="16" count="1" type="stmt"/>
        <line num="22" count="4" type="stmt"/>
        <line num="23" count="4" type="stmt"/>
        <line num="24" count="4" type="stmt"/>
        <line num="25" count="80" type="stmt"/>
        <line num="27" count="4" type="stmt"/>
        <line num="33" count="3" type="stmt"/>
        <line num="34" count="3" type="cond" truecount="2" falsecount="0"/>
        <line num="37" count="3" type="cond" truecount="1" falsecount="0"/>
        <line num="38" count="2" type="stmt"/>
        <line num="39" count="2" type="stmt"/>
        <line num="40" count="2" type="stmt"/>
        <line num="41" count="2" type="stmt"/>
        <line num="45" count="3" type="stmt"/>
        <line num="50" count="3" type="stmt"/>
        <line num="56" count="2" type="stmt"/>
        <line num="57" count="2" type="stmt"/>
        <line num="58" count="2" type="stmt"/>
        <line num="59" count="2" type="stmt"/>
        <line num="65" count="3" type="stmt"/>
        <line num="66" count="3" type="stmt"/>
        <line num="67" count="3" type="stmt"/>
        <line num="69" count="3" type="cond" truecount="1" falsecount="0"/>
        <line num="71" count="2" type="stmt"/>
        <line num="72" count="2" type="stmt"/>
        <line num="82" count="1" type="stmt"/>
        <line num="83" count="1" type="stmt"/>
        <line num="84" count="2" type="stmt"/>
        <line num="94" count="1" type="stmt"/>
        <line num="95" count="1" type="stmt"/>
        <line num="101" count="1" type="stmt"/>
        <line num="102" count="1" type="stmt"/>
        <line num="108" count="1" type="stmt"/>
        <line num="109" count="1" type="stmt"/>
        <line num="115" count="1" type="stmt"/>
        <line num="116" count="1" type="stmt"/>
        <line num="122" count="0" type="stmt"/>
        <line num="123" count="0" type="stmt"/>
        <line num="124" count="0" type="stmt"/>
        <line num="126" count="0" type="stmt"/>
        <line num="128" count="0" type="stmt"/>
        <line num="129" count="0" type="stmt"/>
        <line num="130" count="0" type="cond" truecount="0" falsecount="1"/>
        <line num="131" count="0" type="stmt"/>
        <line num="132" count="0" type="stmt"/>
        <line num="136" count="0" type="stmt"/>
      </file>
      <file name="merchantRuleService.ts" path="C:\Users\minku\Desktop\programming\ToyProject\Household-account\web\src\lib\merchantRuleService.ts">
        <metrics statements="32" coveredstatements="32" conditionals="4" coveredconditionals="4" methods="9" coveredmethods="8"/>
        <line num="11" count="1" type="stmt"/>
        <line num="12" count="1" type="stmt"/>
        <line num="17" count="1" type="stmt"/>
        <line num="22" count="4" type="stmt"/>
        <line num="28" count="4" type="cond" truecount="1" falsecount="0"/>
        <line num="31" count="3" type="stmt"/>
        <line num="32" count="3" type="cond" truecount="1" falsecount="0"/>
        <line num="33" count="1" type="stmt"/>
        <line num="34" count="1" type="stmt"/>
        <line num="37" count="2" type="stmt"/>
        <line num="43" count="2" type="stmt"/>
        <line num="49" count="1" type="stmt"/>
        <line num="53" count="1" type="stmt"/>
        <line num="54" count="1" type="stmt"/>
        <line num="60" count="1" type="stmt"/>
        <line num="61" count="1" type="stmt"/>
        <line num="62" count="1" type="stmt"/>
        <line num="68" count="2" type="stmt"/>
        <line num="69" count="5" type="stmt"/>
        <line num="74" count="5" type="stmt"/>
        <line num="75" count="5" type="stmt"/>
        <line num="81" count="3" type="stmt"/>
        <line num="85" count="3" type="cond" truecount="1" falsecount="0"/>
        <line num="86" count="1" type="stmt"/>
        <line num="87" count="1" type="stmt"/>
        <line num="90" count="2" type="stmt"/>
        <line num="95" count="2" type="stmt"/>
        <line num="98" count="1" type="stmt"/>
        <line num="102" count="1" type="stmt"/>
        <line num="105" count="1" type="stmt"/>
        <line num="106" count="1" type="stmt"/>
        <line num="110" count="2" type="stmt"/>
      </file>
      <file name="pushNotificationService.ts" path="C:\Users\minku\Desktop\programming\ToyProject\Household-account\web\src\lib\pushNotificationService.ts">
        <metrics statements="71" coveredstatements="30" conditionals="18" coveredconditionals="7" methods="10" coveredmethods="6"/>
        <line num="1" count="1" type="stmt"/>
        <line num="2" count="1" type="stmt"/>
        <line num="3" count="1" type="stmt"/>
        <line num="4" count="1" type="stmt"/>
        <line num="7" count="1" type="stmt"/>
        <line num="9" count="1" type="stmt"/>
        <line num="14" count="6" type="stmt"/>
        <line num="15" count="6" type="cond" truecount="1" falsecount="0"/>
        <line num="18" count="5" type="cond" truecount="3" falsecount="0"/>
        <line num="19" count="1" type="stmt"/>
        <line num="20" count="1" type="stmt"/>
        <line num="23" count="4" type="stmt"/>
        <line num="24" count="4" type="stmt"/>
        <line num="25" count="3" type="stmt"/>
        <line num="27" count="1" type="stmt"/>
        <line num="28" count="1" type="stmt"/>
        <line num="35" count="0" type="stmt"/>
        <line num="36" count="0" type="cond" truecount="0" falsecount="1"/>
        <line num="39" count="0" type="cond" truecount="0" falsecount="1"/>
        <line num="40" count="0" type="stmt"/>
        <line num="41" count="0" type="stmt"/>
        <line num="45" count="0" type="stmt"/>
        <line num="47" count="0" type="cond" truecount="0" falsecount="1"/>
        <line num="48" count="0" type="stmt"/>
        <line num="49" count="0" type="stmt"/>
        <line num="53" count="0" type="stmt"/>
        <line num="54" count="0" type="stmt"/>
        <line num="55" count="0" type="stmt"/>
        <line num="57" count="0" type="stmt"/>
        <line num="58" count="0" type="stmt"/>
        <line num="62" count="0" type="cond" truecount="0" falsecount="1"/>
        <line num="63" count="0" type="stmt"/>
        <line num="66" count="0" type="cond" truecount="0" falsecount="1"/>
        <line num="67" count="0" type="stmt"/>
        <line num="70" count="0" type="stmt"/>
        <line num="71" count="0" type="stmt"/>
        <line num="76" count="0" type="cond" truecount="0" falsecount="2"/>
        <line num="77" count="0" type="stmt"/>
        <line num="78" count="0" type="stmt"/>
        <line num="79" count="0" type="stmt"/>
        <line num="81" count="0" type="stmt"/>
        <line num="82" count="0" type="stmt"/>
        <line num="85" count="0" type="stmt"/>
        <line num="86" count="0" type="stmt"/>
        <line num="94" count="0" type="stmt"/>
        <line num="95" count="0" type="stmt"/>
        <line num="96" count="0" type="stmt"/>
        <line num="99" count="0" type="cond" truecount="0" falsecount="2"/>
        <line num="101" count="0" type="stmt"/>
        <line num="107" count="0" type="stmt"/>
        <line num="108" count="0" type="stmt"/>
        <line num="110" count="0" type="stmt"/>
        <line num="111" count="0" type="stmt"/>
        <line num="118" count="1" type="stmt"/>
        <line num="121" count="1" type="cond" truecount="0" falsecount="1"/>
        <line num="122" count="0" type="stmt"/>
        <line num="125" count="1" type="cond" truecount="0" falsecount="1"/>
        <line num="126" count="0" type="stmt"/>
        <line num="129" count="1" type="stmt"/>
        <line num="130" count="0" type="stmt"/>
        <line num="131" count="0" type="stmt"/>
        <line num="138" count="2" type="stmt"/>
        <line num="139" count="2" type="stmt"/>
        <line num="145" count="3" type="stmt"/>
        <line num="146" count="3" type="cond" truecount="3" falsecount="0"/>
        <line num="147" count="2" type="stmt"/>
        <line num="149" count="1" type="stmt"/>
        <line num="155" count="2" type="stmt"/>
        <line num="156" count="2" type="stmt"/>
        <line num="162" count="2" type="stmt"/>
        <line num="163" count="2" type="stmt"/>
      </file>
    </package>
    <package name="lib.bridges">
      <metrics statements="17" coveredstatements="17" conditionals="13" coveredconditionals="9" methods="4" coveredmethods="4"/>
      <file name="androidBridge.ts" path="C:\Users\minku\Desktop\programming\ToyProject\Household-account\web\src\lib\bridges\androidBridge.ts">
        <metrics statements="17" coveredstatements="17" conditionals="13" coveredconditionals="9" methods="4" coveredmethods="4"/>
        <line num="6" count="10" type="stmt"/>
        <line num="11" count="2" type="cond" truecount="0" falsecount="1"/>
        <line num="12" count="2" type="stmt"/>
        <line num="13" count="2" type="stmt"/>
        <line num="20" count="3" type="cond" truecount="0" falsecount="1"/>
        <line num="21" count="3" type="stmt"/>
        <line num="22" count="3" type="cond" truecount="3" falsecount="0"/>
        <line num="23" count="1" type="stmt"/>
        <line num="31" count="3" type="cond" truecount="0" falsecount="1"/>
        <line num="32" count="3" type="stmt"/>
        <line num="33" count="3" type="cond" truecount="3" falsecount="0"/>
        <line num="34" count="1" type="stmt"/>
        <line num="36" count="2" type="stmt"/>
        <line num="43" count="2" type="cond" truecount="0" falsecount="1"/>
        <line num="44" count="2" type="stmt"/>
        <line num="45" count="2" type="cond" truecount="3" falsecount="0"/>
        <line num="46" count="1" type="stmt"/>
      </file>
    </package>
    <package name="lib.storage">
      <metrics statements="11" coveredstatements="11" conditionals="3" coveredconditionals="0" methods="3" coveredmethods="3"/>
      <file name="householdStorage.ts" path="C:\Users\minku\Desktop\programming\ToyProject\Household-account\web\src\lib\storage\householdStorage.ts">
        <metrics statements="11" coveredstatements="11" conditionals="3" coveredconditionals="0" methods="3" coveredmethods="3"/>
        <line num="1" count="1" type="stmt"/>
        <line num="3" count="1" type="stmt"/>
        <line num="8" count="6" type="stmt"/>
        <line num="13" count="2" type="cond" truecount="0" falsecount="1"/>
        <line num="14" count="2" type="stmt"/>
        <line num="22" count="2" type="cond" truecount="0" falsecount="1"/>
        <line num="23" count="2" type="stmt"/>
        <line num="25" count="2" type="stmt"/>
        <line num="33" count="2" type="cond" truecount="0" falsecount="1"/>
        <line num="34" count="2" type="stmt"/>
        <line num="36" count="2" type="stmt"/>
      </file>
    </package>
    <package name="lib.utils">
      <metrics statements="13" coveredstatements="13" conditionals="9" coveredconditionals="9" methods="6" coveredmethods="6"/>
      <file name="platform.ts" path="C:\Users\minku\Desktop\programming\ToyProject\Household-account\web\src\lib\utils\platform.ts">
        <metrics statements="13" coveredstatements="13" conditionals="9" coveredconditionals="9" methods="6" coveredmethods="6"/>
        <line num="4" count="20" type="stmt"/>
        <line num="9" count="6" type="cond" truecount="1" falsecount="0"/>
        <line num="10" count="5" type="stmt"/>
        <line num="17" count="4" type="cond" truecount="1" falsecount="0"/>
        <line num="18" count="3" type="stmt"/>
        <line num="19" count="3" type="stmt"/>
        <line num="20" count="3" type="cond" truecount="2" falsecount="0"/>
        <line num="27" count="3" type="cond" truecount="1" falsecount="0"/>
        <line num="28" count="2" type="stmt"/>
        <line num="35" count="3" type="cond" truecount="1" falsecount="0"/>
        <line num="36" count="2" type="cond" truecount="3" falsecount="0"/>
        <line num="45" count="2" type="stmt"/>
        <line num="52" count="2" type="stmt"/>
      </file>
    </package>
  </project>
</coverage>
