{"C:\\Users\\minku\\Desktop\\programming\\ToyProject\\Household-account\\web\\src\\contexts\\CategoryContext.tsx": {"path":"C:\\Users\\minku\\Desktop\\programming\\ToyProject\\Household-account\\web\\src\\contexts\\CategoryContext.tsx","statementMap":{"0":{"start":{"line":45,"column":16},"end":{"line":45,"column":32}},"1":{"start":{"line":198,"column":16},"end":{"line":198,"column":34}},"2":{"start":{"line":3,"column":92},"end":{"line":3,"column":null}},"3":{"start":{"line":14,"column":7},"end":{"line":14,"column":null}},"4":{"start":{"line":15,"column":38},"end":{"line":15,"column":null}},"5":{"start":{"line":37,"column":24},"end":{"line":37,"column":null}},"6":{"start":{"line":40,"column":25},"end":{"line":43,"column":null}},"7":{"start":{"line":46,"column":38},"end":{"line":46,"column":null}},"8":{"start":{"line":47,"column":36},"end":{"line":47,"column":null}},"9":{"start":{"line":48,"column":40},"end":{"line":48,"column":null}},"10":{"start":{"line":51,"column":2},"end":{"line":62,"column":null}},"11":{"start":{"line":52,"column":4},"end":{"line":52,"column":null}},"12":{"start":{"line":55,"column":32},"end":{"line":59,"column":null}},"13":{"start":{"line":56,"column":6},"end":{"line":58,"column":null}},"14":{"start":{"line":57,"column":8},"end":{"line":57,"column":null}},"15":{"start":{"line":60,"column":4},"end":{"line":60,"column":null}},"16":{"start":{"line":61,"column":4},"end":{"line":61,"column":null}},"17":{"start":{"line":61,"column":17},"end":{"line":61,"column":null}},"18":{"start":{"line":65,"column":2},"end":{"line":92,"column":null}},"19":{"start":{"line":66,"column":4},"end":{"line":70,"column":null}},"20":{"start":{"line":67,"column":6},"end":{"line":67,"column":null}},"21":{"start":{"line":68,"column":6},"end":{"line":68,"column":null}},"22":{"start":{"line":69,"column":6},"end":{"line":69,"column":null}},"23":{"start":{"line":76,"column":6},"end":{"line":76,"column":null}},"24":{"start":{"line":79,"column":6},"end":{"line":82,"column":null}},"25":{"start":{"line":80,"column":8},"end":{"line":80,"column":null}},"26":{"start":{"line":81,"column":8},"end":{"line":81,"column":null}},"27":{"start":{"line":85,"column":4},"end":{"line":85,"column":null}},"28":{"start":{"line":87,"column":4},"end":{"line":91,"column":null}},"29":{"start":{"line":88,"column":6},"end":{"line":90,"column":null}},"30":{"start":{"line":89,"column":8},"end":{"line":89,"column":null}},"31":{"start":{"line":95,"column":27},"end":{"line":99,"column":null}},"32":{"start":{"line":97,"column":6},"end":{"line":97,"column":null}},"33":{"start":{"line":97,"column":36},"end":{"line":97,"column":null}},"34":{"start":{"line":102,"column":27},"end":{"line":107,"column":null}},"35":{"start":{"line":104,"column":23},"end":{"line":104,"column":null}},"36":{"start":{"line":104,"column":46},"end":{"line":104,"column":null}},"37":{"start":{"line":105,"column":6},"end":{"line":105,"column":null}},"38":{"start":{"line":110,"column":27},"end":{"line":115,"column":null}},"39":{"start":{"line":112,"column":23},"end":{"line":112,"column":null}},"40":{"start":{"line":112,"column":46},"end":{"line":112,"column":null}},"41":{"start":{"line":113,"column":6},"end":{"line":113,"column":null}},"42":{"start":{"line":118,"column":28},"end":{"line":123,"column":null}},"43":{"start":{"line":120,"column":23},"end":{"line":120,"column":null}},"44":{"start":{"line":120,"column":46},"end":{"line":120,"column":null}},"45":{"start":{"line":121,"column":6},"end":{"line":121,"column":null}},"46":{"start":{"line":127,"column":22},"end":{"line":134,"column":null}},"47":{"start":{"line":129,"column":6},"end":{"line":129,"column":null}},"48":{"start":{"line":129,"column":24},"end":{"line":129,"column":null}},"49":{"start":{"line":130,"column":18},"end":{"line":130,"column":null}},"50":{"start":{"line":131,"column":20},"end":{"line":131,"column":37}},"51":{"start":{"line":132,"column":6},"end":{"line":132,"column":null}},"52":{"start":{"line":137,"column":25},"end":{"line":141,"column":null}},"53":{"start":{"line":139,"column":6},"end":{"line":139,"column":null}},"54":{"start":{"line":144,"column":25},"end":{"line":146,"column":null}},"55":{"start":{"line":145,"column":4},"end":{"line":145,"column":null}},"56":{"start":{"line":148,"column":20},"end":{"line":150,"column":null}},"57":{"start":{"line":149,"column":4},"end":{"line":149,"column":null}},"58":{"start":{"line":152,"column":28},"end":{"line":155,"column":null}},"59":{"start":{"line":153,"column":20},"end":{"line":153,"column":null}},"60":{"start":{"line":153,"column":61},"end":{"line":153,"column":null}},"61":{"start":{"line":154,"column":4},"end":{"line":154,"column":null}},"62":{"start":{"line":158,"column":25},"end":{"line":164,"column":null}},"63":{"start":{"line":159,"column":43},"end":{"line":159,"column":null}},"64":{"start":{"line":160,"column":4},"end":{"line":162,"column":null}},"65":{"start":{"line":161,"column":6},"end":{"line":161,"column":null}},"66":{"start":{"line":163,"column":4},"end":{"line":163,"column":null}},"67":{"start":{"line":166,"column":25},"end":{"line":172,"column":null}},"68":{"start":{"line":167,"column":43},"end":{"line":167,"column":null}},"69":{"start":{"line":168,"column":4},"end":{"line":170,"column":null}},"70":{"start":{"line":169,"column":6},"end":{"line":169,"column":null}},"71":{"start":{"line":171,"column":4},"end":{"line":171,"column":null}},"72":{"start":{"line":174,"column":27},"end":{"line":176,"column":null}},"73":{"start":{"line":175,"column":4},"end":{"line":175,"column":null}},"74":{"start":{"line":175,"column":36},"end":{"line":175,"column":46}},"75":{"start":{"line":178,"column":37},"end":{"line":193,"column":null}},"76":{"start":{"line":199,"column":18},"end":{"line":199,"column":null}},"77":{"start":{"line":200,"column":2},"end":{"line":202,"column":null}},"78":{"start":{"line":201,"column":4},"end":{"line":201,"column":null}},"79":{"start":{"line":203,"column":2},"end":{"line":203,"column":null}}},"fnMap":{"0":{"name":"CategoryProvider","decl":{"start":{"line":45,"column":16},"end":{"line":45,"column":32}},"loc":{"start":{"line":45,"column":76},"end":{"line":196,"column":null}}},"1":{"name":"(anonymous_7)","decl":{"start":{"line":51,"column":12},"end":{"line":51,"column":null}},"loc":{"start":{"line":51,"column":12},"end":{"line":62,"column":5}}},"2":{"name":"(anonymous_8)","decl":{"start":{"line":55,"column":32},"end":{"line":55,"column":33}},"loc":{"start":{"line":55,"column":33},"end":{"line":59,"column":null}}},"3":{"name":"(anonymous_9)","decl":{"start":{"line":61,"column":11},"end":{"line":61,"column":17}},"loc":{"start":{"line":61,"column":17},"end":{"line":61,"column":null}}},"4":{"name":"(anonymous_10)","decl":{"start":{"line":65,"column":12},"end":{"line":65,"column":null}},"loc":{"start":{"line":65,"column":12},"end":{"line":92,"column":5}}},"5":{"name":"initialize","decl":{"start":{"line":74,"column":19},"end":{"line":74,"column":null}},"loc":{"start":{"line":74,"column":19},"end":{"line":83,"column":null}}},"6":{"name":"(anonymous_12)","decl":{"start":{"line":79,"column":55},"end":{"line":79,"column":56}},"loc":{"start":{"line":79,"column":56},"end":{"line":82,"column":null}}},"7":{"name":"(anonymous_13)","decl":{"start":{"line":87,"column":11},"end":{"line":87,"column":null}},"loc":{"start":{"line":87,"column":11},"end":{"line":91,"column":null}}},"8":{"name":"(anonymous_14)","decl":{"start":{"line":96,"column":4},"end":{"line":96,"column":5}},"loc":{"start":{"line":96,"column":5},"end":{"line":98,"column":null}}},"9":{"name":"(anonymous_15)","decl":{"start":{"line":97,"column":29},"end":{"line":97,"column":30}},"loc":{"start":{"line":97,"column":36},"end":{"line":97,"column":null}}},"10":{"name":"(anonymous_16)","decl":{"start":{"line":103,"column":4},"end":{"line":103,"column":5}},"loc":{"start":{"line":103,"column":5},"end":{"line":106,"column":null}}},"11":{"name":"(anonymous_17)","decl":{"start":{"line":104,"column":39},"end":{"line":104,"column":40}},"loc":{"start":{"line":104,"column":46},"end":{"line":104,"column":null}}},"12":{"name":"(anonymous_18)","decl":{"start":{"line":111,"column":4},"end":{"line":111,"column":5}},"loc":{"start":{"line":111,"column":5},"end":{"line":114,"column":null}}},"13":{"name":"(anonymous_19)","decl":{"start":{"line":112,"column":39},"end":{"line":112,"column":40}},"loc":{"start":{"line":112,"column":46},"end":{"line":112,"column":null}}},"14":{"name":"(anonymous_20)","decl":{"start":{"line":119,"column":4},"end":{"line":119,"column":5}},"loc":{"start":{"line":119,"column":5},"end":{"line":122,"column":null}}},"15":{"name":"(anonymous_21)","decl":{"start":{"line":120,"column":39},"end":{"line":120,"column":40}},"loc":{"start":{"line":120,"column":46},"end":{"line":120,"column":null}}},"16":{"name":"(anonymous_22)","decl":{"start":{"line":128,"column":4},"end":{"line":128,"column":11}},"loc":{"start":{"line":128,"column":69},"end":{"line":133,"column":null}}},"17":{"name":"(anonymous_23)","decl":{"start":{"line":138,"column":4},"end":{"line":138,"column":11}},"loc":{"start":{"line":138,"column":23},"end":{"line":140,"column":null}}},"18":{"name":"(anonymous_24)","decl":{"start":{"line":144,"column":37},"end":{"line":144,"column":44}},"loc":{"start":{"line":144,"column":44},"end":{"line":146,"column":5}}},"19":{"name":"(anonymous_25)","decl":{"start":{"line":148,"column":32},"end":{"line":148,"column":39}},"loc":{"start":{"line":148,"column":51},"end":{"line":150,"column":5}}},"20":{"name":"(anonymous_26)","decl":{"start":{"line":152,"column":40},"end":{"line":152,"column":47}},"loc":{"start":{"line":152,"column":47},"end":{"line":155,"column":5}}},"21":{"name":"(anonymous_27)","decl":{"start":{"line":153,"column":44},"end":{"line":153,"column":45}},"loc":{"start":{"line":153,"column":61},"end":{"line":153,"column":null}}},"22":{"name":"(anonymous_28)","decl":{"start":{"line":158,"column":33},"end":{"line":158,"column":null}},"loc":{"start":{"line":158,"column":33},"end":{"line":164,"column":5}}},"23":{"name":"(anonymous_29)","decl":{"start":{"line":166,"column":33},"end":{"line":166,"column":null}},"loc":{"start":{"line":166,"column":33},"end":{"line":172,"column":5}}},"24":{"name":"(anonymous_30)","decl":{"start":{"line":174,"column":35},"end":{"line":174,"column":null}},"loc":{"start":{"line":174,"column":35},"end":{"line":176,"column":5}}},"25":{"name":"(anonymous_31)","decl":{"start":{"line":175,"column":29},"end":{"line":175,"column":30}},"loc":{"start":{"line":175,"column":36},"end":{"line":175,"column":46}}},"26":{"name":"useCategoryContext","decl":{"start":{"line":198,"column":16},"end":{"line":198,"column":34}},"loc":{"start":{"line":198,"column":16},"end":{"line":204,"column":null}}}},"branchMap":{"0":{"loc":{"start":{"line":52,"column":19},"end":{"line":52,"column":null}},"type":"binary-expr","locations":[{"start":{"line":52,"column":19},"end":{"line":52,"column":46}},{"start":{"line":52,"column":46},"end":{"line":52,"column":null}}]},"1":{"loc":{"start":{"line":56,"column":6},"end":{"line":58,"column":null}},"type":"if","locations":[{"start":{"line":56,"column":6},"end":{"line":58,"column":null}}]},"2":{"loc":{"start":{"line":57,"column":23},"end":{"line":57,"column":null}},"type":"binary-expr","locations":[{"start":{"line":57,"column":23},"end":{"line":57,"column":33}},{"start":{"line":57,"column":37},"end":{"line":57,"column":null}}]},"3":{"loc":{"start":{"line":66,"column":4},"end":{"line":70,"column":null}},"type":"if","locations":[{"start":{"line":66,"column":4},"end":{"line":70,"column":null}}]},"4":{"loc":{"start":{"line":88,"column":6},"end":{"line":90,"column":null}},"type":"if","locations":[{"start":{"line":88,"column":6},"end":{"line":90,"column":null}}]},"5":{"loc":{"start":{"line":105,"column":13},"end":{"line":105,"column":54}},"type":"binary-expr","locations":[{"start":{"line":105,"column":13},"end":{"line":105,"column":32}},{"start":{"line":105,"column":32},"end":{"line":105,"column":54}}]},"6":{"loc":{"start":{"line":113,"column":13},"end":{"line":113,"column":54}},"type":"binary-expr","locations":[{"start":{"line":113,"column":13},"end":{"line":113,"column":32}},{"start":{"line":113,"column":32},"end":{"line":113,"column":54}}]},"7":{"loc":{"start":{"line":121,"column":13},"end":{"line":121,"column":null}},"type":"binary-expr","locations":[{"start":{"line":121,"column":13},"end":{"line":121,"column":33}},{"start":{"line":121,"column":33},"end":{"line":121,"column":null}}]},"8":{"loc":{"start":{"line":128,"column":41},"end":{"line":128,"column":69}},"type":"default-arg","locations":[{"start":{"line":128,"column":65},"end":{"line":128,"column":69}}]},"9":{"loc":{"start":{"line":129,"column":6},"end":{"line":129,"column":null}},"type":"if","locations":[{"start":{"line":129,"column":6},"end":{"line":129,"column":null}}]},"10":{"loc":{"start":{"line":200,"column":2},"end":{"line":202,"column":null}},"type":"if","locations":[{"start":{"line":200,"column":2},"end":{"line":202,"column":null}}]}},"s":{"0":13,"1":38,"2":1,"3":1,"4":1,"5":1,"6":1,"7":33,"8":33,"9":33,"10":33,"11":13,"12":13,"13":0,"14":0,"15":13,"16":13,"17":13,"18":33,"19":26,"20":13,"21":13,"22":13,"23":13,"24":13,"25":13,"26":13,"27":13,"28":13,"29":13,"30":13,"31":33,"32":0,"33":0,"34":33,"35":40,"36":28,"37":40,"38":33,"39":40,"40":28,"41":40,"42":33,"43":20,"44":7,"45":20,"46":33,"47":1,"48":0,"49":1,"50":1,"51":1,"52":33,"53":1,"54":33,"55":1,"56":33,"57":1,"58":33,"59":0,"60":0,"61":0,"62":33,"63":33,"64":33,"65":21,"66":33,"67":33,"68":33,"69":33,"70":21,"71":33,"72":33,"73":33,"74":21,"75":33,"76":38,"77":37,"78":4,"79":33},"f":{"0":33,"1":13,"2":0,"3":13,"4":26,"5":13,"6":13,"7":13,"8":0,"9":0,"10":40,"11":28,"12":40,"13":28,"14":20,"15":7,"16":1,"17":1,"18":1,"19":1,"20":0,"21":0,"22":33,"23":33,"24":33,"25":21,"26":38},"b":{"0":[13,0],"1":[0],"2":[0,0],"3":[13],"4":[13],"5":[40,33],"6":[40,33],"7":[20,13],"8":[0],"9":[0],"10":[4]}}
,"C:\\Users\\minku\\Desktop\\programming\\ToyProject\\Household-account\\web\\src\\contexts\\HouseholdContext.tsx": {"path":"C:\\Users\\minku\\Desktop\\programming\\ToyProject\\Household-account\\web\\src\\contexts\\HouseholdContext.tsx","statementMap":{"0":{"start":{"line":24,"column":16},"end":{"line":24,"column":33}},"1":{"start":{"line":88,"column":16},"end":{"line":88,"column":28}},"2":{"start":{"line":3,"column":74},"end":{"line":3,"column":null}},"3":{"start":{"line":11,"column":7},"end":{"line":11,"column":null}},"4":{"start":{"line":22,"column":25},"end":{"line":22,"column":null}},"5":{"start":{"line":25,"column":36},"end":{"line":25,"column":null}},"6":{"start":{"line":26,"column":42},"end":{"line":26,"column":null}},"7":{"start":{"line":27,"column":36},"end":{"line":27,"column":null}},"8":{"start":{"line":30,"column":2},"end":{"line":49,"column":null}},"9":{"start":{"line":31,"column":26},"end":{"line":46,"column":null}},"10":{"start":{"line":32,"column":24},"end":{"line":32,"column":null}},"11":{"start":{"line":34,"column":6},"end":{"line":43,"column":null}},"12":{"start":{"line":35,"column":24},"end":{"line":35,"column":null}},"13":{"start":{"line":36,"column":8},"end":{"line":42,"column":null}},"14":{"start":{"line":37,"column":23},"end":{"line":37,"column":null}},"15":{"start":{"line":38,"column":10},"end":{"line":38,"column":null}},"16":{"start":{"line":39,"column":10},"end":{"line":39,"column":null}},"17":{"start":{"line":41,"column":10},"end":{"line":41,"column":null}},"18":{"start":{"line":45,"column":6},"end":{"line":45,"column":null}},"19":{"start":{"line":48,"column":4},"end":{"line":48,"column":null}},"20":{"start":{"line":51,"column":16},"end":{"line":64,"column":null}},"21":{"start":{"line":52,"column":23},"end":{"line":52,"column":null}},"22":{"start":{"line":53,"column":20},"end":{"line":53,"column":null}},"23":{"start":{"line":55,"column":4},"end":{"line":61,"column":null}},"24":{"start":{"line":56,"column":19},"end":{"line":56,"column":null}},"25":{"start":{"line":57,"column":6},"end":{"line":57,"column":null}},"26":{"start":{"line":58,"column":6},"end":{"line":58,"column":null}},"27":{"start":{"line":59,"column":6},"end":{"line":59,"column":null}},"28":{"start":{"line":60,"column":6},"end":{"line":60,"column":null}},"29":{"start":{"line":63,"column":4},"end":{"line":63,"column":null}},"30":{"start":{"line":66,"column":17},"end":{"line":70,"column":null}},"31":{"start":{"line":67,"column":4},"end":{"line":67,"column":null}},"32":{"start":{"line":68,"column":4},"end":{"line":68,"column":null}},"33":{"start":{"line":69,"column":4},"end":{"line":69,"column":null}},"34":{"start":{"line":89,"column":18},"end":{"line":89,"column":null}},"35":{"start":{"line":90,"column":2},"end":{"line":92,"column":null}},"36":{"start":{"line":91,"column":4},"end":{"line":91,"column":null}},"37":{"start":{"line":93,"column":2},"end":{"line":93,"column":null}}},"fnMap":{"0":{"name":"HouseholdProvider","decl":{"start":{"line":24,"column":16},"end":{"line":24,"column":33}},"loc":{"start":{"line":24,"column":71},"end":{"line":86,"column":null}}},"1":{"name":"(anonymous_4)","decl":{"start":{"line":30,"column":12},"end":{"line":30,"column":null}},"loc":{"start":{"line":30,"column":12},"end":{"line":49,"column":5}}},"2":{"name":"(anonymous_5)","decl":{"start":{"line":31,"column":26},"end":{"line":31,"column":null}},"loc":{"start":{"line":31,"column":26},"end":{"line":46,"column":null}}},"3":{"name":"(anonymous_6)","decl":{"start":{"line":51,"column":16},"end":{"line":51,"column":23}},"loc":{"start":{"line":51,"column":23},"end":{"line":64,"column":null}}},"4":{"name":"(anonymous_7)","decl":{"start":{"line":66,"column":17},"end":{"line":66,"column":null}},"loc":{"start":{"line":66,"column":17},"end":{"line":70,"column":null}}},"5":{"name":"useHousehold","decl":{"start":{"line":88,"column":16},"end":{"line":88,"column":28}},"loc":{"start":{"line":88,"column":16},"end":{"line":94,"column":null}}}},"branchMap":{"0":{"loc":{"start":{"line":34,"column":6},"end":{"line":43,"column":null}},"type":"if","locations":[{"start":{"line":34,"column":6},"end":{"line":43,"column":null}}]},"1":{"loc":{"start":{"line":36,"column":8},"end":{"line":42,"column":null}},"type":"if","locations":[{"start":{"line":36,"column":8},"end":{"line":42,"column":null}},{"start":{"line":40,"column":15},"end":{"line":42,"column":null}}]},"2":{"loc":{"start":{"line":55,"column":4},"end":{"line":61,"column":null}},"type":"if","locations":[{"start":{"line":55,"column":4},"end":{"line":61,"column":null}}]},"3":{"loc":{"start":{"line":90,"column":2},"end":{"line":92,"column":null}},"type":"if","locations":[{"start":{"line":90,"column":2},"end":{"line":92,"column":null}}]}},"s":{"0":7,"1":21,"2":1,"3":1,"4":1,"5":16,"6":16,"7":16,"8":16,"9":7,"10":7,"11":7,"12":3,"13":3,"14":2,"15":2,"16":2,"17":1,"18":7,"19":7,"20":16,"21":2,"22":2,"23":2,"24":1,"25":1,"26":1,"27":1,"28":1,"29":1,"30":16,"31":1,"32":1,"33":1,"34":21,"35":20,"36":4,"37":16},"f":{"0":16,"1":7,"2":7,"3":2,"4":1,"5":21},"b":{"0":[3],"1":[2,1],"2":[1],"3":[4]}}
,"C:\\Users\\minku\\Desktop\\programming\\ToyProject\\Household-account\\web\\src\\contexts\\ThemeContext.tsx": {"path":"C:\\Users\\minku\\Desktop\\programming\\ToyProject\\Household-account\\web\\src\\contexts\\ThemeContext.tsx","statementMap":{"0":{"start":{"line":23,"column":13},"end":{"line":23,"column":19}},"1":{"start":{"line":111,"column":16},"end":{"line":111,"column":29}},"2":{"start":{"line":167,"column":16},"end":{"line":167,"column":24}},"3":{"start":{"line":3,"column":70},"end":{"line":3,"column":null}},"4":{"start":{"line":23,"column":37},"end":{"line":99,"column":null}},"5":{"start":{"line":107,"column":21},"end":{"line":107,"column":null}},"6":{"start":{"line":109,"column":20},"end":{"line":109,"column":null}},"7":{"start":{"line":112,"column":33},"end":{"line":112,"column":null}},"8":{"start":{"line":113,"column":34},"end":{"line":113,"column":null}},"9":{"start":{"line":116,"column":2},"end":{"line":122,"column":null}},"10":{"start":{"line":117,"column":18},"end":{"line":117,"column":null}},"11":{"start":{"line":118,"column":4},"end":{"line":120,"column":null}},"12":{"start":{"line":118,"column":34},"end":{"line":118,"column":52}},"13":{"start":{"line":119,"column":6},"end":{"line":119,"column":null}},"14":{"start":{"line":121,"column":4},"end":{"line":121,"column":null}},"15":{"start":{"line":125,"column":2},"end":{"line":143,"column":null}},"16":{"start":{"line":126,"column":4},"end":{"line":126,"column":null}},"17":{"start":{"line":126,"column":19},"end":{"line":126,"column":null}},"18":{"start":{"line":128,"column":19},"end":{"line":128,"column":65}},"19":{"start":{"line":128,"column":36},"end":{"line":128,"column":56}},"20":{"start":{"line":129,"column":17},"end":{"line":129,"column":41}},"21":{"start":{"line":131,"column":4},"end":{"line":131,"column":null}},"22":{"start":{"line":132,"column":4},"end":{"line":132,"column":null}},"23":{"start":{"line":133,"column":4},"end":{"line":133,"column":null}},"24":{"start":{"line":134,"column":4},"end":{"line":134,"column":null}},"25":{"start":{"line":135,"column":4},"end":{"line":135,"column":null}},"26":{"start":{"line":136,"column":4},"end":{"line":136,"column":null}},"27":{"start":{"line":137,"column":4},"end":{"line":137,"column":null}},"28":{"start":{"line":138,"column":4},"end":{"line":138,"column":null}},"29":{"start":{"line":141,"column":4},"end":{"line":141,"column":null}},"30":{"start":{"line":142,"column":4},"end":{"line":142,"column":null}},"31":{"start":{"line":145,"column":19},"end":{"line":148,"column":null}},"32":{"start":{"line":146,"column":4},"end":{"line":146,"column":null}},"33":{"start":{"line":147,"column":4},"end":{"line":147,"column":null}},"34":{"start":{"line":150,"column":22},"end":{"line":150,"column":68}},"35":{"start":{"line":150,"column":39},"end":{"line":150,"column":59}},"36":{"start":{"line":152,"column":2},"end":{"line":158,"column":null}},"37":{"start":{"line":168,"column":18},"end":{"line":168,"column":null}},"38":{"start":{"line":169,"column":2},"end":{"line":171,"column":null}},"39":{"start":{"line":170,"column":4},"end":{"line":170,"column":null}},"40":{"start":{"line":172,"column":2},"end":{"line":172,"column":null}}},"fnMap":{"0":{"name":"ThemeProvider","decl":{"start":{"line":111,"column":16},"end":{"line":111,"column":29}},"loc":{"start":{"line":111,"column":73},"end":{"line":165,"column":null}}},"1":{"name":"(anonymous_8)","decl":{"start":{"line":116,"column":12},"end":{"line":116,"column":null}},"loc":{"start":{"line":116,"column":12},"end":{"line":122,"column":5}}},"2":{"name":"(anonymous_9)","decl":{"start":{"line":118,"column":29},"end":{"line":118,"column":34}},"loc":{"start":{"line":118,"column":34},"end":{"line":118,"column":52}}},"3":{"name":"(anonymous_10)","decl":{"start":{"line":125,"column":12},"end":{"line":125,"column":null}},"loc":{"start":{"line":125,"column":12},"end":{"line":143,"column":5}}},"4":{"name":"(anonymous_11)","decl":{"start":{"line":128,"column":31},"end":{"line":128,"column":36}},"loc":{"start":{"line":128,"column":36},"end":{"line":128,"column":56}}},"5":{"name":"(anonymous_12)","decl":{"start":{"line":145,"column":19},"end":{"line":145,"column":20}},"loc":{"start":{"line":145,"column":20},"end":{"line":148,"column":null}}},"6":{"name":"(anonymous_13)","decl":{"start":{"line":150,"column":34},"end":{"line":150,"column":39}},"loc":{"start":{"line":150,"column":39},"end":{"line":150,"column":59}}},"7":{"name":"useTheme","decl":{"start":{"line":167,"column":16},"end":{"line":167,"column":24}},"loc":{"start":{"line":167,"column":16},"end":{"line":173,"column":null}}}},"branchMap":{"0":{"loc":{"start":{"line":118,"column":4},"end":{"line":120,"column":null}},"type":"if","locations":[{"start":{"line":118,"column":4},"end":{"line":120,"column":null}}]},"1":{"loc":{"start":{"line":118,"column":8},"end":{"line":118,"column":52}},"type":"binary-expr","locations":[{"start":{"line":118,"column":8},"end":{"line":118,"column":17}},{"start":{"line":118,"column":17},"end":{"line":118,"column":52}}]},"2":{"loc":{"start":{"line":126,"column":4},"end":{"line":126,"column":null}},"type":"if","locations":[{"start":{"line":126,"column":4},"end":{"line":126,"column":null}}]},"3":{"loc":{"start":{"line":128,"column":19},"end":{"line":128,"column":65}},"type":"binary-expr","locations":[{"start":{"line":128,"column":19},"end":{"line":128,"column":56}},{"start":{"line":128,"column":56},"end":{"line":128,"column":65}}]},"4":{"loc":{"start":{"line":150,"column":22},"end":{"line":150,"column":68}},"type":"binary-expr","locations":[{"start":{"line":150,"column":22},"end":{"line":150,"column":59}},{"start":{"line":150,"column":59},"end":{"line":150,"column":68}}]},"5":{"loc":{"start":{"line":152,"column":2},"end":{"line":158,"column":null}},"type":"if","locations":[{"start":{"line":152,"column":2},"end":{"line":158,"column":null}}]},"6":{"loc":{"start":{"line":169,"column":2},"end":{"line":171,"column":null}},"type":"if","locations":[{"start":{"line":169,"column":2},"end":{"line":171,"column":null}}]}},"s":{"0":4,"1":5,"2":17,"3":1,"4":1,"5":1,"6":1,"7":12,"8":12,"9":12,"10":5,"11":5,"12":7,"13":1,"14":5,"15":12,"16":12,"17":5,"18":7,"19":10,"20":7,"21":7,"22":7,"23":7,"24":7,"25":7,"26":7,"27":7,"28":7,"29":7,"30":7,"31":12,"32":2,"33":2,"34":12,"35":15,"36":12,"37":17,"38":16,"39":4,"40":12},"f":{"0":12,"1":5,"2":7,"3":12,"4":10,"5":2,"6":15,"7":17},"b":{"0":[1],"1":[5,2],"2":[5],"3":[7,0],"4":[12,0],"5":[5],"6":[4]}}
,"C:\\Users\\minku\\Desktop\\programming\\ToyProject\\Household-account\\web\\src\\hooks\\useExpenses.ts": {"path":"C:\\Users\\minku\\Desktop\\programming\\ToyProject\\Household-account\\web\\src\\hooks\\useExpenses.ts","statementMap":{"0":{"start":{"line":41,"column":16},"end":{"line":41,"column":28}},"1":{"start":{"line":1,"column":58},"end":{"line":1,"column":null}},"2":{"start":{"line":12,"column":7},"end":{"line":12,"column":null}},"3":{"start":{"line":42,"column":34},"end":{"line":42,"column":null}},"4":{"start":{"line":43,"column":36},"end":{"line":43,"column":null}},"5":{"start":{"line":46,"column":2},"end":{"line":59,"column":null}},"6":{"start":{"line":47,"column":4},"end":{"line":47,"column":null}},"7":{"start":{"line":49,"column":24},"end":{"line":55,"column":null}},"8":{"start":{"line":53,"column":8},"end":{"line":53,"column":null}},"9":{"start":{"line":54,"column":8},"end":{"line":54,"column":null}},"10":{"start":{"line":58,"column":4},"end":{"line":58,"column":null}},"11":{"start":{"line":58,"column":17},"end":{"line":58,"column":null}},"12":{"start":{"line":62,"column":24},"end":{"line":67,"column":null}},"13":{"start":{"line":66,"column":4},"end":{"line":66,"column":null}},"14":{"start":{"line":70,"column":21},"end":{"line":78,"column":null}},"15":{"start":{"line":77,"column":4},"end":{"line":77,"column":null}},"16":{"start":{"line":81,"column":24},"end":{"line":83,"column":null}},"17":{"start":{"line":82,"column":4},"end":{"line":82,"column":null}},"18":{"start":{"line":86,"column":23},"end":{"line":88,"column":null}},"19":{"start":{"line":87,"column":4},"end":{"line":87,"column":null}},"20":{"start":{"line":91,"column":24},"end":{"line":93,"column":null}},"21":{"start":{"line":92,"column":4},"end":{"line":92,"column":null}},"22":{"start":{"line":96,"column":25},"end":{"line":98,"column":null}},"23":{"start":{"line":97,"column":4},"end":{"line":97,"column":null}},"24":{"start":{"line":101,"column":28},"end":{"line":103,"column":null}},"25":{"start":{"line":102,"column":4},"end":{"line":102,"column":null}},"26":{"start":{"line":102,"column":40},"end":{"line":102,"column":null}},"27":{"start":{"line":106,"column":32},"end":{"line":108,"column":null}},"28":{"start":{"line":107,"column":4},"end":{"line":107,"column":null}},"29":{"start":{"line":107,"column":40},"end":{"line":107,"column":null}},"30":{"start":{"line":111,"column":25},"end":{"line":113,"column":null}},"31":{"start":{"line":112,"column":4},"end":{"line":112,"column":null}},"32":{"start":{"line":112,"column":45},"end":{"line":112,"column":65}},"33":{"start":{"line":115,"column":2},"end":{"line":127,"column":null}}},"fnMap":{"0":{"name":"useExpenses","decl":{"start":{"line":41,"column":16},"end":{"line":41,"column":28}},"loc":{"start":{"line":41,"column":63},"end":{"line":128,"column":null}}},"1":{"name":"(anonymous_2)","decl":{"start":{"line":46,"column":12},"end":{"line":46,"column":null}},"loc":{"start":{"line":46,"column":12},"end":{"line":59,"column":5}}},"2":{"name":"(anonymous_3)","decl":{"start":{"line":52,"column":6},"end":{"line":52,"column":7}},"loc":{"start":{"line":52,"column":7},"end":{"line":55,"column":null}}},"3":{"name":"(anonymous_4)","decl":{"start":{"line":58,"column":11},"end":{"line":58,"column":17}},"loc":{"start":{"line":58,"column":17},"end":{"line":58,"column":null}}},"4":{"name":"(anonymous_5)","decl":{"start":{"line":62,"column":36},"end":{"line":62,"column":null}},"loc":{"start":{"line":64,"column":4},"end":{"line":67,"column":5}}},"5":{"name":"(anonymous_6)","decl":{"start":{"line":70,"column":33},"end":{"line":70,"column":null}},"loc":{"start":{"line":75,"column":4},"end":{"line":78,"column":5}}},"6":{"name":"(anonymous_7)","decl":{"start":{"line":81,"column":36},"end":{"line":81,"column":43}},"loc":{"start":{"line":81,"column":43},"end":{"line":83,"column":5}}},"7":{"name":"(anonymous_8)","decl":{"start":{"line":86,"column":35},"end":{"line":86,"column":42}},"loc":{"start":{"line":86,"column":60},"end":{"line":88,"column":5}}},"8":{"name":"(anonymous_9)","decl":{"start":{"line":91,"column":36},"end":{"line":91,"column":43}},"loc":{"start":{"line":91,"column":67},"end":{"line":93,"column":5}}},"9":{"name":"(anonymous_10)","decl":{"start":{"line":96,"column":37},"end":{"line":96,"column":44}},"loc":{"start":{"line":96,"column":44},"end":{"line":98,"column":5}}},"10":{"name":"(anonymous_11)","decl":{"start":{"line":101,"column":40},"end":{"line":101,"column":41}},"loc":{"start":{"line":101,"column":41},"end":{"line":103,"column":5}}},"11":{"name":"(anonymous_12)","decl":{"start":{"line":102,"column":27},"end":{"line":102,"column":28}},"loc":{"start":{"line":102,"column":40},"end":{"line":102,"column":null}}},"12":{"name":"(anonymous_13)","decl":{"start":{"line":106,"column":44},"end":{"line":106,"column":45}},"loc":{"start":{"line":106,"column":45},"end":{"line":108,"column":5}}},"13":{"name":"(anonymous_14)","decl":{"start":{"line":107,"column":27},"end":{"line":107,"column":28}},"loc":{"start":{"line":107,"column":40},"end":{"line":107,"column":null}}},"14":{"name":"(anonymous_15)","decl":{"start":{"line":111,"column":37},"end":{"line":111,"column":null}},"loc":{"start":{"line":111,"column":37},"end":{"line":113,"column":5}}},"15":{"name":"(anonymous_16)","decl":{"start":{"line":112,"column":27},"end":{"line":112,"column":28}},"loc":{"start":{"line":112,"column":45},"end":{"line":112,"column":65}}}},"branchMap":{},"s":{"0":25,"1":1,"2":1,"3":25,"4":25,"5":25,"6":16,"7":16,"8":15,"9":15,"10":16,"11":16,"12":25,"13":1,"14":25,"15":1,"16":25,"17":1,"18":25,"19":1,"20":25,"21":1,"22":25,"23":1,"24":25,"25":2,"26":6,"27":25,"28":1,"29":3,"30":25,"31":2,"32":3,"33":25},"f":{"0":25,"1":16,"2":15,"3":16,"4":1,"5":1,"6":1,"7":1,"8":1,"9":1,"10":2,"11":6,"12":1,"13":3,"14":2,"15":3},"b":{}}
,"C:\\Users\\minku\\Desktop\\programming\\ToyProject\\Household-account\\web\\src\\hooks\\useMonthNavigation.ts": {"path":"C:\\Users\\minku\\Desktop\\programming\\ToyProject\\Household-account\\web\\src\\hooks\\useMonthNavigation.ts","statementMap":{"0":{"start":{"line":25,"column":16},"end":{"line":25,"column":35}},"1":{"start":{"line":1,"column":38},"end":{"line":1,"column":null}},"2":{"start":{"line":26,"column":16},"end":{"line":26,"column":null}},"3":{"start":{"line":30,"column":6},"end":{"line":30,"column":null}},"4":{"start":{"line":32,"column":40},"end":{"line":32,"column":null}},"5":{"start":{"line":33,"column":42},"end":{"line":33,"column":null}},"6":{"start":{"line":34,"column":46},"end":{"line":34,"column":null}},"7":{"start":{"line":37,"column":24},"end":{"line":45,"column":null}},"8":{"start":{"line":38,"column":4},"end":{"line":38,"column":null}},"9":{"start":{"line":39,"column":4},"end":{"line":44,"column":null}},"10":{"start":{"line":40,"column":6},"end":{"line":40,"column":null}},"11":{"start":{"line":41,"column":6},"end":{"line":41,"column":null}},"12":{"start":{"line":43,"column":6},"end":{"line":43,"column":null}},"13":{"start":{"line":48,"column":24},"end":{"line":56,"column":null}},"14":{"start":{"line":49,"column":4},"end":{"line":49,"column":null}},"15":{"start":{"line":50,"column":4},"end":{"line":55,"column":null}},"16":{"start":{"line":51,"column":6},"end":{"line":51,"column":null}},"17":{"start":{"line":52,"column":6},"end":{"line":52,"column":null}},"18":{"start":{"line":54,"column":6},"end":{"line":54,"column":null}},"19":{"start":{"line":59,"column":20},"end":{"line":74,"column":null}},"20":{"start":{"line":61,"column":24},"end":{"line":61,"column":null}},"21":{"start":{"line":62,"column":23},"end":{"line":62,"column":null}},"22":{"start":{"line":64,"column":4},"end":{"line":70,"column":null}},"23":{"start":{"line":65,"column":6},"end":{"line":65,"column":null}},"24":{"start":{"line":66,"column":11},"end":{"line":70,"column":null}},"25":{"start":{"line":67,"column":6},"end":{"line":67,"column":null}},"26":{"start":{"line":69,"column":6},"end":{"line":69,"column":null}},"27":{"start":{"line":72,"column":4},"end":{"line":72,"column":null}},"28":{"start":{"line":73,"column":4},"end":{"line":73,"column":null}},"29":{"start":{"line":77,"column":20},"end":{"line":80,"column":null}},"30":{"start":{"line":78,"column":18},"end":{"line":78,"column":null}},"31":{"start":{"line":79,"column":4},"end":{"line":79,"column":null}},"32":{"start":{"line":83,"column":26},"end":{"line":85,"column":null}},"33":{"start":{"line":84,"column":4},"end":{"line":84,"column":null}},"34":{"start":{"line":87,"column":2},"end":{"line":96,"column":null}}},"fnMap":{"0":{"name":"useMonthNavigation","decl":{"start":{"line":25,"column":16},"end":{"line":25,"column":35}},"loc":{"start":{"line":25,"column":74},"end":{"line":97,"column":null}}},"1":{"name":"(anonymous_2)","decl":{"start":{"line":37,"column":36},"end":{"line":37,"column":null}},"loc":{"start":{"line":37,"column":36},"end":{"line":45,"column":5}}},"2":{"name":"(anonymous_3)","decl":{"start":{"line":48,"column":36},"end":{"line":48,"column":null}},"loc":{"start":{"line":48,"column":36},"end":{"line":56,"column":5}}},"3":{"name":"(anonymous_4)","decl":{"start":{"line":59,"column":32},"end":{"line":59,"column":33}},"loc":{"start":{"line":59,"column":47},"end":{"line":74,"column":5}}},"4":{"name":"(anonymous_5)","decl":{"start":{"line":77,"column":32},"end":{"line":77,"column":null}},"loc":{"start":{"line":77,"column":32},"end":{"line":80,"column":5}}},"5":{"name":"(anonymous_6)","decl":{"start":{"line":83,"column":38},"end":{"line":83,"column":null}},"loc":{"start":{"line":83,"column":38},"end":{"line":85,"column":5}}}},"branchMap":{"0":{"loc":{"start":{"line":25,"column":35},"end":{"line":25,"column":74}},"type":"default-arg","locations":[{"start":{"line":25,"column":72},"end":{"line":25,"column":74}}]},"1":{"loc":{"start":{"line":28,"column":4},"end":{"line":28,"column":37}},"type":"default-arg","locations":[{"start":{"line":28,"column":18},"end":{"line":28,"column":37}}]},"2":{"loc":{"start":{"line":29,"column":4},"end":{"line":29,"column":39}},"type":"default-arg","locations":[{"start":{"line":29,"column":19},"end":{"line":29,"column":39}}]},"3":{"loc":{"start":{"line":39,"column":4},"end":{"line":44,"column":null}},"type":"if","locations":[{"start":{"line":39,"column":4},"end":{"line":44,"column":null}},{"start":{"line":42,"column":11},"end":{"line":44,"column":null}}]},"4":{"loc":{"start":{"line":50,"column":4},"end":{"line":55,"column":null}},"type":"if","locations":[{"start":{"line":50,"column":4},"end":{"line":55,"column":null}},{"start":{"line":53,"column":11},"end":{"line":55,"column":null}}]},"5":{"loc":{"start":{"line":64,"column":4},"end":{"line":70,"column":null}},"type":"if","locations":[{"start":{"line":64,"column":4},"end":{"line":70,"column":null}},{"start":{"line":66,"column":11},"end":{"line":70,"column":null}}]},"6":{"loc":{"start":{"line":66,"column":11},"end":{"line":70,"column":null}},"type":"if","locations":[{"start":{"line":66,"column":11},"end":{"line":70,"column":null}},{"start":{"line":68,"column":11},"end":{"line":70,"column":null}}]}},"s":{"0":24,"1":1,"2":24,"3":24,"4":24,"5":24,"6":24,"7":24,"8":2,"9":2,"10":1,"11":1,"12":1,"13":24,"14":3,"15":3,"16":1,"17":1,"18":2,"19":24,"20":6,"21":6,"22":6,"23":3,"24":3,"25":2,"26":1,"27":6,"28":6,"29":24,"30":1,"31":1,"32":24,"33":2,"34":24},"f":{"0":24,"1":2,"2":3,"3":6,"4":1,"5":2},"b":{"0":[1],"1":[1],"2":[1],"3":[1,1],"4":[1,2],"5":[3,3],"6":[2,1]}}
,"C:\\Users\\minku\\Desktop\\programming\\ToyProject\\Household-account\\web\\src\\lib\\authService.ts": {"path":"C:\\Users\\minku\\Desktop\\programming\\ToyProject\\Household-account\\web\\src\\lib\\authService.ts","statementMap":{"0":{"start":{"line":42,"column":16},"end":{"line":42,"column":30}},"1":{"start":{"line":56,"column":16},"end":{"line":56,"column":23}},"2":{"start":{"line":35,"column":22},"end":{"line":35,"column":28}},"3":{"start":{"line":49,"column":16},"end":{"line":49,"column":28}},"4":{"start":{"line":22,"column":22},"end":{"line":22,"column":38}},"5":{"start":{"line":8,"column":7},"end":{"line":8,"column":null}},"6":{"start":{"line":9,"column":20},"end":{"line":9,"column":null}},"7":{"start":{"line":11,"column":13},"end":{"line":11,"column":null}},"8":{"start":{"line":12,"column":23},"end":{"line":12,"column":null}},"9":{"start":{"line":15,"column":29},"end":{"line":17,"column":null}},"10":{"start":{"line":23,"column":2},"end":{"line":29,"column":null}},"11":{"start":{"line":24,"column":19},"end":{"line":24,"column":null}},"12":{"start":{"line":25,"column":4},"end":{"line":25,"column":null}},"13":{"start":{"line":27,"column":4},"end":{"line":27,"column":null}},"14":{"start":{"line":28,"column":4},"end":{"line":28,"column":null}},"15":{"start":{"line":36,"column":2},"end":{"line":36,"column":null}},"16":{"start":{"line":43,"column":2},"end":{"line":43,"column":null}},"17":{"start":{"line":50,"column":2},"end":{"line":50,"column":null}},"18":{"start":{"line":57,"column":2},"end":{"line":57,"column":null}},"19":{"start":{"line":57,"column":28},"end":{"line":57,"column":null}},"20":{"start":{"line":58,"column":2},"end":{"line":58,"column":null}}},"fnMap":{"0":{"name":"signInWithGoogle","decl":{"start":{"line":22,"column":22},"end":{"line":22,"column":38}},"loc":{"start":{"line":22,"column":22},"end":{"line":30,"column":null}}},"1":{"name":"logOut","decl":{"start":{"line":35,"column":22},"end":{"line":35,"column":28}},"loc":{"start":{"line":35,"column":22},"end":{"line":37,"column":null}}},"2":{"name":"getCurrentUser","decl":{"start":{"line":42,"column":16},"end":{"line":42,"column":30}},"loc":{"start":{"line":42,"column":16},"end":{"line":44,"column":null}}},"3":{"name":"onAuthChange","decl":{"start":{"line":49,"column":16},"end":{"line":49,"column":28}},"loc":{"start":{"line":49,"column":66},"end":{"line":51,"column":null}}},"4":{"name":"isAdmin","decl":{"start":{"line":56,"column":16},"end":{"line":56,"column":23}},"loc":{"start":{"line":56,"column":41},"end":{"line":59,"column":null}}}},"branchMap":{"0":{"loc":{"start":{"line":57,"column":2},"end":{"line":57,"column":null}},"type":"if","locations":[{"start":{"line":57,"column":2},"end":{"line":57,"column":null}}]},"1":{"loc":{"start":{"line":57,"column":6},"end":{"line":57,"column":26}},"type":"binary-expr","locations":[{"start":{"line":57,"column":6},"end":{"line":57,"column":15}},{"start":{"line":57,"column":15},"end":{"line":57,"column":26}}]}},"s":{"0":1,"1":4,"2":1,"3":1,"4":2,"5":1,"6":1,"7":1,"8":1,"9":1,"10":2,"11":2,"12":1,"13":1,"14":1,"15":1,"16":1,"17":1,"18":4,"19":2,"20":2},"f":{"0":2,"1":1,"2":1,"3":1,"4":4},"b":{"0":[2],"1":[4,3]}}
,"C:\\Users\\minku\\Desktop\\programming\\ToyProject\\Household-account\\web\\src\\lib\\budgetTransferService.ts": {"path":"C:\\Users\\minku\\Desktop\\programming\\ToyProject\\Household-account\\web\\src\\lib\\budgetTransferService.ts","statementMap":{"0":{"start":{"line":21,"column":22},"end":{"line":21,"column":39}},"1":{"start":{"line":97,"column":16},"end":{"line":97,"column":42}},"2":{"start":{"line":44,"column":22},"end":{"line":44,"column":42}},"3":{"start":{"line":52,"column":16},"end":{"line":52,"column":49}},"4":{"start":{"line":10,"column":7},"end":{"line":10,"column":null}},"5":{"start":{"line":11,"column":19},"end":{"line":11,"column":null}},"6":{"start":{"line":16,"column":24},"end":{"line":16,"column":null}},"7":{"start":{"line":29,"column":17},"end":{"line":37,"column":null}},"8":{"start":{"line":38,"column":2},"end":{"line":38,"column":null}},"9":{"start":{"line":45,"column":17},"end":{"line":45,"column":null}},"10":{"start":{"line":46,"column":2},"end":{"line":46,"column":null}},"11":{"start":{"line":57,"column":2},"end":{"line":60,"column":null}},"12":{"start":{"line":58,"column":4},"end":{"line":58,"column":null}},"13":{"start":{"line":59,"column":4},"end":{"line":59,"column":null}},"14":{"start":{"line":62,"column":12},"end":{"line":65,"column":null}},"15":{"start":{"line":68,"column":22},"end":{"line":86,"column":null}},"16":{"start":{"line":69,"column":22},"end":{"line":81,"column":null}},"17":{"start":{"line":70,"column":19},"end":{"line":70,"column":null}},"18":{"start":{"line":71,"column":6},"end":{"line":80,"column":null}},"19":{"start":{"line":82,"column":4},"end":{"line":82,"column":null}},"20":{"start":{"line":84,"column":4},"end":{"line":84,"column":null}},"21":{"start":{"line":85,"column":4},"end":{"line":85,"column":null}},"22":{"start":{"line":88,"column":2},"end":{"line":88,"column":null}},"23":{"start":{"line":100,"column":46},"end":{"line":100,"column":null}},"24":{"start":{"line":102,"column":2},"end":{"line":107,"column":null}},"25":{"start":{"line":104,"column":4},"end":{"line":104,"column":null}},"26":{"start":{"line":106,"column":4},"end":{"line":106,"column":null}},"27":{"start":{"line":109,"column":2},"end":{"line":109,"column":null}}},"fnMap":{"0":{"name":"addBudgetTransfer","decl":{"start":{"line":21,"column":22},"end":{"line":21,"column":39}},"loc":{"start":{"line":27,"column":15},"end":{"line":39,"column":null}}},"1":{"name":"deleteBudgetTransfer","decl":{"start":{"line":44,"column":22},"end":{"line":44,"column":42}},"loc":{"start":{"line":44,"column":53},"end":{"line":47,"column":null}}},"2":{"name":"subscribeToMonthlyBudgetTransfers","decl":{"start":{"line":52,"column":16},"end":{"line":52,"column":49}},"loc":{"start":{"line":55,"column":49},"end":{"line":89,"column":null}}},"3":{"name":"(anonymous_8)","decl":{"start":{"line":59,"column":11},"end":{"line":59,"column":18}},"loc":{"start":{"line":59,"column":11},"end":{"line":59,"column":null}}},"4":{"name":"(anonymous_9)","decl":{"start":{"line":68,"column":36},"end":{"line":68,"column":37}},"loc":{"start":{"line":68,"column":37},"end":{"line":83,"column":5}}},"5":{"name":"(anonymous_10)","decl":{"start":{"line":69,"column":40},"end":{"line":69,"column":41}},"loc":{"start":{"line":69,"column":41},"end":{"line":81,"column":null}}},"6":{"name":"(anonymous_11)","decl":{"start":{"line":83,"column":5},"end":{"line":83,"column":6}},"loc":{"start":{"line":83,"column":6},"end":{"line":86,"column":null}}},"7":{"name":"calculateBudgetAdjustments","decl":{"start":{"line":97,"column":16},"end":{"line":97,"column":42}},"loc":{"start":{"line":98,"column":29},"end":{"line":110,"column":null}}},"8":{"name":"(anonymous_13)","decl":{"start":{"line":102,"column":20},"end":{"line":102,"column":21}},"loc":{"start":{"line":102,"column":21},"end":{"line":107,"column":null}}}},"branchMap":{"0":{"loc":{"start":{"line":35,"column":10},"end":{"line":35,"column":null}},"type":"binary-expr","locations":[{"start":{"line":35,"column":10},"end":{"line":35,"column":18}},{"start":{"line":35,"column":18},"end":{"line":35,"column":null}}]},"1":{"loc":{"start":{"line":57,"column":2},"end":{"line":60,"column":null}},"type":"if","locations":[{"start":{"line":57,"column":2},"end":{"line":60,"column":null}}]},"2":{"loc":{"start":{"line":79,"column":19},"end":{"line":79,"column":null}},"type":"binary-expr","locations":[{"start":{"line":79,"column":19},"end":{"line":79,"column":47}},{"start":{"line":79,"column":47},"end":{"line":79,"column":null}}]},"3":{"loc":{"start":{"line":104,"column":42},"end":{"line":104,"column":85}},"type":"binary-expr","locations":[{"start":{"line":104,"column":42},"end":{"line":104,"column":76}},{"start":{"line":104,"column":80},"end":{"line":104,"column":85}}]},"4":{"loc":{"start":{"line":106,"column":40},"end":{"line":106,"column":81}},"type":"binary-expr","locations":[{"start":{"line":106,"column":40},"end":{"line":106,"column":72}},{"start":{"line":106,"column":76},"end":{"line":106,"column":81}}]}},"s":{"0":0,"1":6,"2":0,"3":0,"4":1,"5":1,"6":1,"7":0,"8":0,"9":0,"10":0,"11":0,"12":0,"13":0,"14":0,"15":0,"16":0,"17":0,"18":0,"19":0,"20":0,"21":0,"22":0,"23":6,"24":6,"25":10,"26":10,"27":6},"f":{"0":0,"1":0,"2":0,"3":0,"4":0,"5":0,"6":0,"7":6,"8":10},"b":{"0":[0,0],"1":[0],"2":[0,0],"3":[10,7],"4":[10,7]}}
,"C:\\Users\\minku\\Desktop\\programming\\ToyProject\\Household-account\\web\\src\\lib\\categoryService.ts": {"path":"C:\\Users\\minku\\Desktop\\programming\\ToyProject\\Household-account\\web\\src\\lib\\categoryService.ts","statementMap":{"0":{"start":{"line":138,"column":13},"end":{"line":138,"column":26}},"1":{"start":{"line":54,"column":22},"end":{"line":54,"column":33}},"2":{"start":{"line":76,"column":22},"end":{"line":76,"column":36}},"3":{"start":{"line":133,"column":16},"end":{"line":133,"column":35}},"4":{"start":{"line":34,"column":22},"end":{"line":34,"column":49}},"5":{"start":{"line":87,"column":22},"end":{"line":87,"column":39}},"6":{"start":{"line":82,"column":22},"end":{"line":82,"column":31}},"7":{"start":{"line":101,"column":16},"end":{"line":101,"column":37}},"8":{"start":{"line":67,"column":22},"end":{"line":67,"column":36}},"9":{"start":{"line":13,"column":7},"end":{"line":13,"column":null}},"10":{"start":{"line":14,"column":19},"end":{"line":14,"column":null}},"11":{"start":{"line":20,"column":75},"end":{"line":26,"column":null}},"12":{"start":{"line":28,"column":24},"end":{"line":28,"column":null}},"13":{"start":{"line":31,"column":22},"end":{"line":31,"column":null}},"14":{"start":{"line":35,"column":2},"end":{"line":35,"column":null}},"15":{"start":{"line":35,"column":20},"end":{"line":35,"column":null}},"16":{"start":{"line":37,"column":12},"end":{"line":37,"column":null}},"17":{"start":{"line":38,"column":19},"end":{"line":38,"column":null}},"18":{"start":{"line":40,"column":2},"end":{"line":50,"column":null}},"19":{"start":{"line":41,"column":18},"end":{"line":41,"column":null}},"20":{"start":{"line":43,"column":4},"end":{"line":46,"column":null}},"21":{"start":{"line":44,"column":21},"end":{"line":44,"column":null}},"22":{"start":{"line":45,"column":6},"end":{"line":45,"column":null}},"23":{"start":{"line":48,"column":4},"end":{"line":48,"column":null}},"24":{"start":{"line":49,"column":4},"end":{"line":49,"column":null}},"25":{"start":{"line":58,"column":17},"end":{"line":62,"column":null}},"26":{"start":{"line":63,"column":2},"end":{"line":63,"column":null}},"27":{"start":{"line":71,"column":17},"end":{"line":71,"column":null}},"28":{"start":{"line":72,"column":2},"end":{"line":72,"column":null}},"29":{"start":{"line":77,"column":17},"end":{"line":77,"column":null}},"30":{"start":{"line":78,"column":2},"end":{"line":78,"column":null}},"31":{"start":{"line":83,"column":2},"end":{"line":83,"column":null}},"32":{"start":{"line":90,"column":16},"end":{"line":90,"column":null}},"33":{"start":{"line":92,"column":2},"end":{"line":95,"column":null}},"34":{"start":{"line":93,"column":19},"end":{"line":93,"column":null}},"35":{"start":{"line":94,"column":4},"end":{"line":94,"column":null}},"36":{"start":{"line":97,"column":2},"end":{"line":97,"column":null}},"37":{"start":{"line":105,"column":2},"end":{"line":108,"column":null}},"38":{"start":{"line":106,"column":4},"end":{"line":106,"column":null}},"39":{"start":{"line":107,"column":4},"end":{"line":107,"column":null}},"40":{"start":{"line":110,"column":12},"end":{"line":113,"column":null}},"41":{"start":{"line":116,"column":22},"end":{"line":127,"column":null}},"42":{"start":{"line":117,"column":43},"end":{"line":120,"column":null}},"43":{"start":{"line":117,"column":71},"end":{"line":120,"column":null}},"44":{"start":{"line":122,"column":4},"end":{"line":122,"column":null}},"45":{"start":{"line":124,"column":4},"end":{"line":124,"column":null}},"46":{"start":{"line":126,"column":4},"end":{"line":126,"column":null}},"47":{"start":{"line":129,"column":2},"end":{"line":129,"column":null}},"48":{"start":{"line":134,"column":2},"end":{"line":134,"column":null}},"49":{"start":{"line":138,"column":29},"end":{"line":151,"column":null}}},"fnMap":{"0":{"name":"initializeDefaultCategories","decl":{"start":{"line":34,"column":22},"end":{"line":34,"column":49}},"loc":{"start":{"line":34,"column":69},"end":{"line":51,"column":null}}},"1":{"name":"addCategory","decl":{"start":{"line":54,"column":22},"end":{"line":54,"column":33}},"loc":{"start":{"line":56,"column":21},"end":{"line":64,"column":null}}},"2":{"name":"updateCategory","decl":{"start":{"line":67,"column":22},"end":{"line":67,"column":36}},"loc":{"start":{"line":69,"column":59},"end":{"line":73,"column":null}}},"3":{"name":"deleteCategory","decl":{"start":{"line":76,"column":22},"end":{"line":76,"column":36}},"loc":{"start":{"line":76,"column":47},"end":{"line":79,"column":null}}},"4":{"name":"setBudget","decl":{"start":{"line":82,"column":22},"end":{"line":82,"column":31}},"loc":{"start":{"line":82,"column":65},"end":{"line":84,"column":null}}},"5":{"name":"reorderCategories","decl":{"start":{"line":87,"column":22},"end":{"line":87,"column":39}},"loc":{"start":{"line":88,"column":45},"end":{"line":98,"column":null}}},"6":{"name":"subscribeToCategories","decl":{"start":{"line":101,"column":16},"end":{"line":101,"column":37}},"loc":{"start":{"line":103,"column":52},"end":{"line":130,"column":null}}},"7":{"name":"(anonymous_17)","decl":{"start":{"line":107,"column":11},"end":{"line":107,"column":18}},"loc":{"start":{"line":107,"column":11},"end":{"line":107,"column":null}}},"8":{"name":"(anonymous_18)","decl":{"start":{"line":116,"column":36},"end":{"line":116,"column":37}},"loc":{"start":{"line":116,"column":37},"end":{"line":123,"column":5}}},"9":{"name":"(anonymous_19)","decl":{"start":{"line":117,"column":61},"end":{"line":117,"column":62}},"loc":{"start":{"line":117,"column":71},"end":{"line":120,"column":null}}},"10":{"name":"(anonymous_20)","decl":{"start":{"line":123,"column":5},"end":{"line":123,"column":6}},"loc":{"start":{"line":123,"column":6},"end":{"line":127,"column":null}}},"11":{"name":"generateCategoryKey","decl":{"start":{"line":133,"column":16},"end":{"line":133,"column":35}},"loc":{"start":{"line":133,"column":16},"end":{"line":135,"column":null}}}},"branchMap":{"0":{"loc":{"start":{"line":35,"column":2},"end":{"line":35,"column":null}},"type":"if","locations":[{"start":{"line":35,"column":2},"end":{"line":35,"column":null}}]},"1":{"loc":{"start":{"line":40,"column":2},"end":{"line":50,"column":null}},"type":"if","locations":[{"start":{"line":40,"column":2},"end":{"line":50,"column":null}}]},"2":{"loc":{"start":{"line":105,"column":2},"end":{"line":108,"column":null}},"type":"if","locations":[{"start":{"line":105,"column":2},"end":{"line":108,"column":null}}]}},"s":{"0":2,"1":1,"2":1,"3":3,"4":3,"5":1,"6":2,"7":3,"8":1,"9":1,"10":1,"11":1,"12":1,"13":1,"14":3,"15":1,"16":2,"17":2,"18":2,"19":1,"20":1,"21":5,"22":5,"23":1,"24":1,"25":1,"26":1,"27":3,"28":3,"29":1,"30":1,"31":2,"32":1,"33":1,"34":3,"35":3,"36":1,"37":3,"38":1,"39":1,"40":2,"41":2,"42":1,"43":1,"44":1,"45":1,"46":1,"47":2,"48":3,"49":1},"f":{"0":3,"1":1,"2":3,"3":1,"4":2,"5":1,"6":3,"7":0,"8":1,"9":1,"10":1,"11":3},"b":{"0":[1],"1":[1],"2":[1]}}
,"C:\\Users\\minku\\Desktop\\programming\\ToyProject\\Household-account\\web\\src\\lib\\expenseService.ts": {"path":"C:\\Users\\minku\\Desktop\\programming\\ToyProject\\Household-account\\web\\src\\lib\\expenseService.ts","statementMap":{"0":{"start":{"line":56,"column":22},"end":{"line":56,"column":32}},"1":{"start":{"line":159,"column":22},"end":{"line":159,"column":38}},"2":{"start":{"line":77,"column":22},"end":{"line":77,"column":35}},"3":{"start":{"line":188,"column":22},"end":{"line":188,"column":42}},"4":{"start":{"line":271,"column":22},"end":{"line":271,"column":35}},"5":{"start":{"line":353,"column":22},"end":{"line":353,"column":36}},"6":{"start":{"line":232,"column":22},"end":{"line":232,"column":34}},"7":{"start":{"line":128,"column":16},"end":{"line":128,"column":44}},"8":{"start":{"line":85,"column":16},"end":{"line":85,"column":42}},"9":{"start":{"line":313,"column":22},"end":{"line":313,"column":36}},"10":{"start":{"line":120,"column":22},"end":{"line":120,"column":36}},"11":{"start":{"line":69,"column":22},"end":{"line":69,"column":35}},"12":{"start":{"line":15,"column":7},"end":{"line":15,"column":null}},"13":{"start":{"line":16,"column":19},"end":{"line":16,"column":null}},"14":{"start":{"line":18,"column":38},"end":{"line":18,"column":null}},"15":{"start":{"line":20,"column":24},"end":{"line":20,"column":null}},"16":{"start":{"line":26,"column":14},"end":{"line":26,"column":null}},"17":{"start":{"line":27,"column":2},"end":{"line":29,"column":null}},"18":{"start":{"line":28,"column":4},"end":{"line":28,"column":null}},"19":{"start":{"line":30,"column":2},"end":{"line":30,"column":null}},"20":{"start":{"line":37,"column":15},"end":{"line":37,"column":null}},"21":{"start":{"line":38,"column":2},"end":{"line":50,"column":null}},"22":{"start":{"line":57,"column":22},"end":{"line":57,"column":null}},"23":{"start":{"line":58,"column":17},"end":{"line":62,"column":null}},"24":{"start":{"line":63,"column":2},"end":{"line":63,"column":null}},"25":{"start":{"line":70,"column":17},"end":{"line":70,"column":null}},"26":{"start":{"line":71,"column":2},"end":{"line":71,"column":null}},"27":{"start":{"line":78,"column":17},"end":{"line":78,"column":null}},"28":{"start":{"line":79,"column":2},"end":{"line":79,"column":null}},"29":{"start":{"line":90,"column":22},"end":{"line":90,"column":null}},"30":{"start":{"line":91,"column":20},"end":{"line":91,"column":66}},"31":{"start":{"line":92,"column":18},"end":{"line":92,"column":64}},"32":{"start":{"line":95,"column":12},"end":{"line":97,"column":null}},"33":{"start":{"line":100,"column":22},"end":{"line":112,"column":null}},"34":{"start":{"line":101,"column":24},"end":{"line":101,"column":null}},"35":{"start":{"line":104,"column":21},"end":{"line":106,"column":null}},"36":{"start":{"line":105,"column":21},"end":{"line":105,"column":null}},"37":{"start":{"line":106,"column":22},"end":{"line":106,"column":null}},"38":{"start":{"line":108,"column":4},"end":{"line":108,"column":null}},"39":{"start":{"line":110,"column":4},"end":{"line":110,"column":null}},"40":{"start":{"line":111,"column":4},"end":{"line":111,"column":null}},"41":{"start":{"line":114,"column":2},"end":{"line":114,"column":null}},"42":{"start":{"line":121,"column":17},"end":{"line":121,"column":null}},"43":{"start":{"line":122,"column":2},"end":{"line":122,"column":null}},"44":{"start":{"line":133,"column":22},"end":{"line":133,"column":null}},"45":{"start":{"line":135,"column":12},"end":{"line":137,"column":null}},"46":{"start":{"line":140,"column":22},"end":{"line":151,"column":null}},"47":{"start":{"line":141,"column":24},"end":{"line":141,"column":null}},"48":{"start":{"line":143,"column":21},"end":{"line":145,"column":null}},"49":{"start":{"line":144,"column":21},"end":{"line":144,"column":null}},"50":{"start":{"line":145,"column":22},"end":{"line":145,"column":null}},"51":{"start":{"line":147,"column":4},"end":{"line":147,"column":null}},"52":{"start":{"line":149,"column":4},"end":{"line":149,"column":null}},"53":{"start":{"line":150,"column":4},"end":{"line":150,"column":null}},"54":{"start":{"line":153,"column":2},"end":{"line":153,"column":null}},"55":{"start":{"line":166,"column":22},"end":{"line":166,"column":null}},"56":{"start":{"line":167,"column":14},"end":{"line":167,"column":null}},"57":{"start":{"line":168,"column":15},"end":{"line":168,"column":104}},"58":{"start":{"line":170,"column":17},"end":{"line":181,"column":null}},"59":{"start":{"line":182,"column":2},"end":{"line":182,"column":null}},"60":{"start":{"line":191,"column":22},"end":{"line":191,"column":null}},"61":{"start":{"line":192,"column":46},"end":{"line":196,"column":null}},"62":{"start":{"line":198,"column":12},"end":{"line":200,"column":null}},"63":{"start":{"line":202,"column":19},"end":{"line":202,"column":null}},"64":{"start":{"line":204,"column":19},"end":{"line":204,"column":null}},"65":{"start":{"line":206,"column":2},"end":{"line":216,"column":null}},"66":{"start":{"line":207,"column":17},"end":{"line":207,"column":null}},"67":{"start":{"line":208,"column":21},"end":{"line":208,"column":null}},"68":{"start":{"line":211,"column":4},"end":{"line":215,"column":null}},"69":{"start":{"line":212,"column":26},"end":{"line":212,"column":null}},"70":{"start":{"line":213,"column":6},"end":{"line":213,"column":null}},"71":{"start":{"line":214,"column":6},"end":{"line":214,"column":null}},"72":{"start":{"line":218,"column":2},"end":{"line":218,"column":null}},"73":{"start":{"line":236,"column":22},"end":{"line":236,"column":null}},"74":{"start":{"line":238,"column":2},"end":{"line":263,"column":null}},"75":{"start":{"line":240,"column":24},"end":{"line":240,"column":null}},"76":{"start":{"line":241,"column":4},"end":{"line":241,"column":null}},"77":{"start":{"line":244,"column":29},"end":{"line":244,"column":31}},"78":{"start":{"line":245,"column":4},"end":{"line":260,"column":null}},"79":{"start":{"line":246,"column":24},"end":{"line":246,"column":null}},"80":{"start":{"line":247,"column":6},"end":{"line":258,"column":null}},"81":{"start":{"line":259,"column":6},"end":{"line":259,"column":null}},"82":{"start":{"line":262,"column":4},"end":{"line":262,"column":null}},"83":{"start":{"line":275,"column":2},"end":{"line":306,"column":null}},"84":{"start":{"line":277,"column":22},"end":{"line":277,"column":65}},"85":{"start":{"line":280,"column":27},"end":{"line":280,"column":57}},"86":{"start":{"line":281,"column":44},"end":{"line":297,"column":null}},"87":{"start":{"line":300,"column":22},"end":{"line":300,"column":null}},"88":{"start":{"line":301,"column":4},"end":{"line":301,"column":null}},"89":{"start":{"line":304,"column":22},"end":{"line":304,"column":null}},"90":{"start":{"line":305,"column":4},"end":{"line":305,"column":null}},"91":{"start":{"line":314,"column":2},"end":{"line":316,"column":null}},"92":{"start":{"line":315,"column":4},"end":{"line":315,"column":null}},"93":{"start":{"line":318,"column":22},"end":{"line":318,"column":null}},"94":{"start":{"line":320,"column":2},"end":{"line":346,"column":null}},"95":{"start":{"line":321,"column":29},"end":{"line":321,"column":31}},"96":{"start":{"line":324,"column":4},"end":{"line":339,"column":null}},"97":{"start":{"line":325,"column":24},"end":{"line":325,"column":null}},"98":{"start":{"line":326,"column":6},"end":{"line":337,"column":null}},"99":{"start":{"line":338,"column":6},"end":{"line":338,"column":null}},"100":{"start":{"line":342,"column":23},"end":{"line":342,"column":null}},"101":{"start":{"line":343,"column":4},"end":{"line":343,"column":null}},"102":{"start":{"line":345,"column":4},"end":{"line":345,"column":null}},"103":{"start":{"line":354,"column":2},"end":{"line":356,"column":null}},"104":{"start":{"line":355,"column":4},"end":{"line":355,"column":null}},"105":{"start":{"line":358,"column":22},"end":{"line":358,"column":null}},"106":{"start":{"line":360,"column":12},"end":{"line":362,"column":null}},"107":{"start":{"line":365,"column":19},"end":{"line":365,"column":null}},"108":{"start":{"line":366,"column":23},"end":{"line":366,"column":null}},"109":{"start":{"line":368,"column":18},"end":{"line":375,"column":null}},"110":{"start":{"line":371,"column":28},"end":{"line":371,"column":null}},"111":{"start":{"line":372,"column":24},"end":{"line":372,"column":null}},"112":{"start":{"line":373,"column":6},"end":{"line":373,"column":null}},"113":{"start":{"line":375,"column":20},"end":{"line":375,"column":null}},"114":{"start":{"line":377,"column":2},"end":{"line":377,"column":null}}},"fnMap":{"0":{"name":"getHouseholdId","decl":{"start":{"line":25,"column":9},"end":{"line":25,"column":null}},"loc":{"start":{"line":25,"column":9},"end":{"line":31,"column":null}}},"1":{"name":"mapDocToExpense","decl":{"start":{"line":36,"column":9},"end":{"line":36,"column":25}},"loc":{"start":{"line":36,"column":69},"end":{"line":51,"column":null}}},"2":{"name":"addExpense","decl":{"start":{"line":56,"column":22},"end":{"line":56,"column":32}},"loc":{"start":{"line":56,"column":61},"end":{"line":64,"column":null}}},"3":{"name":"updateExpense","decl":{"start":{"line":69,"column":22},"end":{"line":69,"column":35}},"loc":{"start":{"line":69,"column":70},"end":{"line":72,"column":null}}},"4":{"name":"deleteExpense","decl":{"start":{"line":77,"column":22},"end":{"line":77,"column":35}},"loc":{"start":{"line":77,"column":46},"end":{"line":80,"column":null}}},"5":{"name":"subscribeToMonthlyExpenses","decl":{"start":{"line":85,"column":16},"end":{"line":85,"column":42}},"loc":{"start":{"line":88,"column":41},"end":{"line":115,"column":null}}},"6":{"name":"(anonymous_19)","decl":{"start":{"line":100,"column":36},"end":{"line":100,"column":37}},"loc":{"start":{"line":100,"column":37},"end":{"line":109,"column":5}}},"7":{"name":"(anonymous_20)","decl":{"start":{"line":105,"column":14},"end":{"line":105,"column":15}},"loc":{"start":{"line":105,"column":21},"end":{"line":105,"column":null}}},"8":{"name":"(anonymous_21)","decl":{"start":{"line":106,"column":12},"end":{"line":106,"column":13}},"loc":{"start":{"line":106,"column":22},"end":{"line":106,"column":null}}},"9":{"name":"(anonymous_22)","decl":{"start":{"line":109,"column":5},"end":{"line":109,"column":6}},"loc":{"start":{"line":109,"column":6},"end":{"line":112,"column":null}}},"10":{"name":"updateCategory","decl":{"start":{"line":120,"column":22},"end":{"line":120,"column":36}},"loc":{"start":{"line":120,"column":65},"end":{"line":123,"column":null}}},"11":{"name":"subscribeToDateRangeExpenses","decl":{"start":{"line":128,"column":16},"end":{"line":128,"column":44}},"loc":{"start":{"line":131,"column":41},"end":{"line":154,"column":null}}},"12":{"name":"(anonymous_25)","decl":{"start":{"line":140,"column":36},"end":{"line":140,"column":37}},"loc":{"start":{"line":140,"column":37},"end":{"line":148,"column":5}}},"13":{"name":"(anonymous_26)","decl":{"start":{"line":144,"column":14},"end":{"line":144,"column":15}},"loc":{"start":{"line":144,"column":21},"end":{"line":144,"column":null}}},"14":{"name":"(anonymous_27)","decl":{"start":{"line":145,"column":12},"end":{"line":145,"column":13}},"loc":{"start":{"line":145,"column":22},"end":{"line":145,"column":null}}},"15":{"name":"(anonymous_28)","decl":{"start":{"line":148,"column":5},"end":{"line":148,"column":6}},"loc":{"start":{"line":148,"column":6},"end":{"line":151,"column":null}}},"16":{"name":"addManualExpense","decl":{"start":{"line":159,"column":22},"end":{"line":159,"column":38}},"loc":{"start":{"line":164,"column":15},"end":{"line":183,"column":null}}},"17":{"name":"fixInvalidCategories","decl":{"start":{"line":188,"column":22},"end":{"line":188,"column":42}},"loc":{"start":{"line":189,"column":27},"end":{"line":219,"column":null}}},"18":{"name":"splitExpense","decl":{"start":{"line":232,"column":22},"end":{"line":232,"column":34}},"loc":{"start":{"line":234,"column":21},"end":{"line":264,"column":null}}},"19":{"name":"(anonymous_32)","decl":{"start":{"line":238,"column":28},"end":{"line":238,"column":35}},"loc":{"start":{"line":238,"column":35},"end":{"line":263,"column":null}}},"20":{"name":"mergeExpenses","decl":{"start":{"line":271,"column":22},"end":{"line":271,"column":35}},"loc":{"start":{"line":273,"column":24},"end":{"line":307,"column":null}}},"21":{"name":"(anonymous_34)","decl":{"start":{"line":275,"column":28},"end":{"line":275,"column":35}},"loc":{"start":{"line":275,"column":35},"end":{"line":306,"column":null}}},"22":{"name":"unmergeExpense","decl":{"start":{"line":313,"column":22},"end":{"line":313,"column":36}},"loc":{"start":{"line":313,"column":53},"end":{"line":347,"column":null}}},"23":{"name":"(anonymous_36)","decl":{"start":{"line":320,"column":28},"end":{"line":320,"column":35}},"loc":{"start":{"line":320,"column":35},"end":{"line":346,"column":null}}},"24":{"name":"searchExpenses","decl":{"start":{"line":353,"column":22},"end":{"line":353,"column":36}},"loc":{"start":{"line":353,"column":52},"end":{"line":378,"column":null}}},"25":{"name":"(anonymous_38)","decl":{"start":{"line":370,"column":12},"end":{"line":370,"column":13}},"loc":{"start":{"line":370,"column":13},"end":{"line":374,"column":null}}},"26":{"name":"(anonymous_39)","decl":{"start":{"line":375,"column":10},"end":{"line":375,"column":11}},"loc":{"start":{"line":375,"column":20},"end":{"line":375,"column":null}}}},"branchMap":{"0":{"loc":{"start":{"line":27,"column":2},"end":{"line":29,"column":null}},"type":"if","locations":[{"start":{"line":27,"column":2},"end":{"line":29,"column":null}}]},"1":{"loc":{"start":{"line":45,"column":15},"end":{"line":45,"column":36}},"type":"binary-expr","locations":[{"start":{"line":45,"column":15},"end":{"line":45,"column":28}},{"start":{"line":45,"column":32},"end":{"line":45,"column":36}}]},"2":{"loc":{"start":{"line":46,"column":15},"end":{"line":46,"column":37}},"type":"binary-expr","locations":[{"start":{"line":46,"column":15},"end":{"line":46,"column":28}},{"start":{"line":46,"column":32},"end":{"line":46,"column":37}}]},"3":{"loc":{"start":{"line":105,"column":21},"end":{"line":105,"column":null}},"type":"binary-expr","locations":[{"start":{"line":105,"column":21},"end":{"line":105,"column":44}},{"start":{"line":105,"column":44},"end":{"line":105,"column":null}}]},"4":{"loc":{"start":{"line":144,"column":21},"end":{"line":144,"column":null}},"type":"binary-expr","locations":[{"start":{"line":144,"column":21},"end":{"line":144,"column":44}},{"start":{"line":144,"column":44},"end":{"line":144,"column":null}}]},"5":{"loc":{"start":{"line":178,"column":10},"end":{"line":178,"column":null}},"type":"binary-expr","locations":[{"start":{"line":178,"column":10},"end":{"line":178,"column":18}},{"start":{"line":178,"column":18},"end":{"line":178,"column":null}}]},"6":{"loc":{"start":{"line":208,"column":22},"end":{"line":208,"column":40}},"type":"binary-expr","locations":[{"start":{"line":208,"column":22},"end":{"line":208,"column":35}},{"start":{"line":208,"column":39},"end":{"line":208,"column":40}}]},"7":{"loc":{"start":{"line":211,"column":4},"end":{"line":215,"column":null}},"type":"if","locations":[{"start":{"line":211,"column":4},"end":{"line":215,"column":null}}]},"8":{"loc":{"start":{"line":212,"column":26},"end":{"line":212,"column":null}},"type":"binary-expr","locations":[{"start":{"line":212,"column":26},"end":{"line":212,"column":47}},{"start":{"line":212,"column":51},"end":{"line":212,"column":null}}]},"9":{"loc":{"start":{"line":255,"column":14},"end":{"line":255,"column":null}},"type":"binary-expr","locations":[{"start":{"line":255,"column":14},"end":{"line":255,"column":24}},{"start":{"line":255,"column":28},"end":{"line":255,"column":null}}]},"10":{"loc":{"start":{"line":280,"column":27},"end":{"line":280,"column":57}},"type":"binary-expr","locations":[{"start":{"line":280,"column":27},"end":{"line":280,"column":51}},{"start":{"line":280,"column":55},"end":{"line":280,"column":57}}]},"11":{"loc":{"start":{"line":284,"column":10},"end":{"line":289,"column":13}},"type":"cond-expr","locations":[{"start":{"line":284,"column":40},"end":{"line":289,"column":11}},{"start":{"line":289,"column":11},"end":{"line":289,"column":13}}]},"12":{"loc":{"start":{"line":288,"column":14},"end":{"line":288,"column":null}},"type":"binary-expr","locations":[{"start":{"line":288,"column":14},"end":{"line":288,"column":32}},{"start":{"line":288,"column":36},"end":{"line":288,"column":null}}]},"13":{"loc":{"start":{"line":295,"column":14},"end":{"line":295,"column":null}},"type":"binary-expr","locations":[{"start":{"line":295,"column":14},"end":{"line":295,"column":32}},{"start":{"line":295,"column":36},"end":{"line":295,"column":null}}]},"14":{"loc":{"start":{"line":314,"column":2},"end":{"line":316,"column":null}},"type":"if","locations":[{"start":{"line":314,"column":2},"end":{"line":316,"column":null}}]},"15":{"loc":{"start":{"line":314,"column":6},"end":{"line":314,"column":62}},"type":"binary-expr","locations":[{"start":{"line":314,"column":6},"end":{"line":314,"column":25}},{"start":{"line":314,"column":29},"end":{"line":314,"column":62}}]},"16":{"loc":{"start":{"line":334,"column":14},"end":{"line":334,"column":null}},"type":"binary-expr","locations":[{"start":{"line":334,"column":14},"end":{"line":334,"column":27}},{"start":{"line":334,"column":31},"end":{"line":334,"column":null}}]},"17":{"loc":{"start":{"line":354,"column":2},"end":{"line":356,"column":null}},"type":"if","locations":[{"start":{"line":354,"column":2},"end":{"line":356,"column":null}}]},"18":{"loc":{"start":{"line":373,"column":13},"end":{"line":373,"column":null}},"type":"binary-expr","locations":[{"start":{"line":373,"column":13},"end":{"line":373,"column":30}},{"start":{"line":373,"column":30},"end":{"line":373,"column":null}}]}},"s":{"0":2,"1":2,"2":1,"3":0,"4":3,"5":5,"6":2,"7":0,"8":5,"9":3,"10":1,"11":1,"12":1,"13":1,"14":1,"15":1,"16":16,"17":16,"18":1,"19":15,"20":18,"21":18,"22":2,"23":1,"24":1,"25":1,"26":1,"27":1,"28":1,"29":5,"30":5,"31":5,"32":5,"33":5,"34":5,"35":5,"36":13,"37":8,"38":5,"39":0,"40":0,"41":5,"42":1,"43":1,"44":0,"45":0,"46":0,"47":0,"48":0,"49":0,"50":0,"51":0,"52":0,"53":0,"54":0,"55":2,"56":2,"57":2,"58":2,"59":2,"60":0,"61":0,"62":0,"63":0,"64":0,"65":0,"66":0,"67":0,"68":0,"69":0,"70":0,"71":0,"72":0,"73":2,"74":2,"75":2,"76":2,"77":2,"78":2,"79":4,"80":4,"81":4,"82":2,"83":3,"84":3,"85":3,"86":3,"87":3,"88":3,"89":3,"90":3,"91":3,"92":1,"93":2,"94":2,"95":2,"96":2,"97":4,"98":4,"99":4,"100":2,"101":2,"102":2,"103":5,"104":2,"105":3,"106":3,"107":3,"108":3,"109":3,"110":5,"111":5,"112":5,"113":0,"114":3},"f":{"0":16,"1":18,"2":2,"3":1,"4":1,"5":5,"6":5,"7":13,"8":8,"9":0,"10":1,"11":0,"12":0,"13":0,"14":0,"15":0,"16":2,"17":0,"18":2,"19":2,"20":3,"21":3,"22":3,"23":2,"24":5,"25":5,"26":0},"b":{"0":[1],"1":[18,1],"2":[18,18],"3":[13,12],"4":[0,0],"5":[2,1],"6":[0,0],"7":[0],"8":[0,0],"9":[4,4],"10":[3,2],"11":[2,1],"12":[2,2],"13":[3,3],"14":[1],"15":[3,2],"16":[4,3],"17":[2],"18":[5,3]}}
,"C:\\Users\\minku\\Desktop\\programming\\ToyProject\\Household-account\\web\\src\\lib\\firebase.ts": {"path":"C:\\Users\\minku\\Desktop\\programming\\ToyProject\\Household-account\\web\\src\\lib\\firebase.ts","statementMap":{"0":{"start":{"line":18,"column":9},"end":{"line":18,"column":12}},"1":{"start":{"line":18,"column":14},"end":{"line":18,"column":16}},"2":{"start":{"line":1,"column":39},"end":{"line":1,"column":null}},"3":{"start":{"line":2,"column":29},"end":{"line":2,"column":null}},"4":{"start":{"line":4,"column":23},"end":{"line":12,"column":null}},"5":{"start":{"line":15,"column":12},"end":{"line":15,"column":81}},"6":{"start":{"line":16,"column":11},"end":{"line":16,"column":null}}},"fnMap":{},"branchMap":{"0":{"loc":{"start":{"line":15,"column":12},"end":{"line":15,"column":81}},"type":"cond-expr","locations":[{"start":{"line":15,"column":37},"end":{"line":15,"column":69}},{"start":{"line":15,"column":69},"end":{"line":15,"column":81}}]}},"s":{"0":0,"1":0,"2":1,"3":1,"4":1,"5":1,"6":1},"f":{},"b":{"0":[1,0]}}
,"C:\\Users\\minku\\Desktop\\programming\\ToyProject\\Household-account\\web\\src\\lib\\householdService.ts": {"path":"C:\\Users\\minku\\Desktop\\programming\\ToyProject\\Household-account\\web\\src\\lib\\householdService.ts","statementMap":{"0":{"start":{"line":115,"column":16},"end":{"line":115,"column":39}},"1":{"start":{"line":33,"column":22},"end":{"line":33,"column":37}},"2":{"start":{"line":94,"column":22},"end":{"line":94,"column":37}},"3":{"start":{"line":82,"column":22},"end":{"line":82,"column":38}},"4":{"start":{"line":65,"column":22},"end":{"line":65,"column":34}},"5":{"start":{"line":101,"column":16},"end":{"line":101,"column":37}},"6":{"start":{"line":122,"column":22},"end":{"line":122,"column":48}},"7":{"start":{"line":108,"column":16},"end":{"line":108,"column":37}},"8":{"start":{"line":56,"column":22},"end":{"line":56,"column":42}},"9":{"start":{"line":9,"column":7},"end":{"line":9,"column":null}},"10":{"start":{"line":10,"column":19},"end":{"line":10,"column":null}},"11":{"start":{"line":12,"column":33},"end":{"line":12,"column":null}},"12":{"start":{"line":16,"column":29},"end":{"line":16,"column":null}},"13":{"start":{"line":22,"column":16},"end":{"line":22,"column":null}},"14":{"start":{"line":23,"column":15},"end":{"line":23,"column":null}},"15":{"start":{"line":24,"column":2},"end":{"line":26,"column":null}},"16":{"start":{"line":24,"column":15},"end":{"line":24,"column":18}},"17":{"start":{"line":25,"column":4},"end":{"line":25,"column":null}},"18":{"start":{"line":27,"column":2},"end":{"line":27,"column":null}},"19":{"start":{"line":34,"column":12},"end":{"line":34,"column":null}},"20":{"start":{"line":37,"column":2},"end":{"line":43,"column":null}},"21":{"start":{"line":38,"column":17},"end":{"line":38,"column":null}},"22":{"start":{"line":39,"column":4},"end":{"line":42,"column":null}},"23":{"start":{"line":40,"column":6},"end":{"line":40,"column":null}},"24":{"start":{"line":41,"column":6},"end":{"line":41,"column":null}},"25":{"start":{"line":45,"column":2},"end":{"line":48,"column":null}},"26":{"start":{"line":50,"column":2},"end":{"line":50,"column":null}},"27":{"start":{"line":57,"column":17},"end":{"line":57,"column":null}},"28":{"start":{"line":58,"column":18},"end":{"line":58,"column":null}},"29":{"start":{"line":59,"column":2},"end":{"line":59,"column":null}},"30":{"start":{"line":66,"column":17},"end":{"line":66,"column":null}},"31":{"start":{"line":67,"column":18},"end":{"line":67,"column":null}},"32":{"start":{"line":69,"column":2},"end":{"line":69,"column":null}},"33":{"start":{"line":69,"column":25},"end":{"line":69,"column":null}},"34":{"start":{"line":71,"column":15},"end":{"line":71,"column":null}},"35":{"start":{"line":72,"column":2},"end":{"line":76,"column":null}},"36":{"start":{"line":83,"column":19},"end":{"line":83,"column":null}},"37":{"start":{"line":84,"column":2},"end":{"line":88,"column":null}},"38":{"start":{"line":84,"column":35},"end":{"line":88,"column":null}},"39":{"start":{"line":95,"column":2},"end":{"line":95,"column":null}},"40":{"start":{"line":102,"column":2},"end":{"line":102,"column":null}},"41":{"start":{"line":109,"column":2},"end":{"line":109,"column":null}},"42":{"start":{"line":116,"column":2},"end":{"line":116,"column":null}},"43":{"start":{"line":123,"column":22},"end":{"line":123,"column":null}},"44":{"start":{"line":124,"column":19},"end":{"line":124,"column":null}},"45":{"start":{"line":126,"column":22},"end":{"line":126,"column":null}},"46":{"start":{"line":128,"column":2},"end":{"line":134,"column":null}},"47":{"start":{"line":129,"column":17},"end":{"line":129,"column":null}},"48":{"start":{"line":130,"column":4},"end":{"line":133,"column":null}},"49":{"start":{"line":131,"column":6},"end":{"line":131,"column":null}},"50":{"start":{"line":132,"column":6},"end":{"line":132,"column":null}},"51":{"start":{"line":136,"column":2},"end":{"line":136,"column":null}}},"fnMap":{"0":{"name":"generateKey","decl":{"start":{"line":21,"column":9},"end":{"line":21,"column":null}},"loc":{"start":{"line":21,"column":9},"end":{"line":28,"column":null}}},"1":{"name":"createHousehold","decl":{"start":{"line":33,"column":22},"end":{"line":33,"column":37}},"loc":{"start":{"line":33,"column":71},"end":{"line":51,"column":null}}},"2":{"name":"validateHouseholdKey","decl":{"start":{"line":56,"column":22},"end":{"line":56,"column":42}},"loc":{"start":{"line":56,"column":54},"end":{"line":60,"column":null}}},"3":{"name":"getHousehold","decl":{"start":{"line":65,"column":22},"end":{"line":65,"column":34}},"loc":{"start":{"line":65,"column":46},"end":{"line":77,"column":null}}},"4":{"name":"getAllHouseholds","decl":{"start":{"line":82,"column":22},"end":{"line":82,"column":38}},"loc":{"start":{"line":82,"column":22},"end":{"line":89,"column":null}}},"5":{"name":"(anonymous_15)","decl":{"start":{"line":84,"column":27},"end":{"line":84,"column":35}},"loc":{"start":{"line":84,"column":35},"end":{"line":88,"column":null}}},"6":{"name":"deleteHousehold","decl":{"start":{"line":94,"column":22},"end":{"line":94,"column":37}},"loc":{"start":{"line":94,"column":49},"end":{"line":96,"column":null}}},"7":{"name":"getStoredHouseholdKey","decl":{"start":{"line":101,"column":16},"end":{"line":101,"column":37}},"loc":{"start":{"line":101,"column":16},"end":{"line":103,"column":null}}},"8":{"name":"setStoredHouseholdKey","decl":{"start":{"line":108,"column":16},"end":{"line":108,"column":37}},"loc":{"start":{"line":108,"column":49},"end":{"line":110,"column":null}}},"9":{"name":"clearStoredHouseholdKey","decl":{"start":{"line":115,"column":16},"end":{"line":115,"column":39}},"loc":{"start":{"line":115,"column":16},"end":{"line":117,"column":null}}},"10":{"name":"migrateExpensesToHousehold","decl":{"start":{"line":122,"column":22},"end":{"line":122,"column":48}},"loc":{"start":{"line":122,"column":68},"end":{"line":137,"column":null}}}},"branchMap":{"0":{"loc":{"start":{"line":34,"column":12},"end":{"line":34,"column":null}},"type":"binary-expr","locations":[{"start":{"line":34,"column":12},"end":{"line":34,"column":25}},{"start":{"line":34,"column":25},"end":{"line":34,"column":null}}]},"1":{"loc":{"start":{"line":37,"column":2},"end":{"line":43,"column":null}},"type":"if","locations":[{"start":{"line":37,"column":2},"end":{"line":43,"column":null}}]},"2":{"loc":{"start":{"line":46,"column":10},"end":{"line":46,"column":null}},"type":"binary-expr","locations":[{"start":{"line":46,"column":10},"end":{"line":46,"column":18}},{"start":{"line":46,"column":18},"end":{"line":46,"column":null}}]},"3":{"loc":{"start":{"line":69,"column":2},"end":{"line":69,"column":null}},"type":"if","locations":[{"start":{"line":69,"column":2},"end":{"line":69,"column":null}}]},"4":{"loc":{"start":{"line":75,"column":15},"end":{"line":75,"column":null}},"type":"binary-expr","locations":[{"start":{"line":75,"column":15},"end":{"line":75,"column":43}},{"start":{"line":75,"column":43},"end":{"line":75,"column":null}}]},"5":{"loc":{"start":{"line":87,"column":15},"end":{"line":87,"column":null}},"type":"binary-expr","locations":[{"start":{"line":87,"column":15},"end":{"line":87,"column":49}},{"start":{"line":87,"column":49},"end":{"line":87,"column":null}}]},"6":{"loc":{"start":{"line":130,"column":4},"end":{"line":133,"column":null}},"type":"if","locations":[{"start":{"line":130,"column":4},"end":{"line":133,"column":null}}]}},"s":{"0":1,"1":3,"2":1,"3":1,"4":3,"5":1,"6":0,"7":1,"8":2,"9":1,"10":1,"11":1,"12":1,"13":4,"14":4,"15":4,"16":4,"17":80,"18":4,"19":3,"20":3,"21":2,"22":2,"23":2,"24":2,"25":3,"26":3,"27":2,"28":2,"29":2,"30":3,"31":3,"32":3,"33":1,"34":2,"35":2,"36":1,"37":1,"38":2,"39":1,"40":1,"41":1,"42":1,"43":0,"44":0,"45":0,"46":0,"47":0,"48":0,"49":0,"50":0,"51":0},"f":{"0":4,"1":3,"2":2,"3":3,"4":1,"5":2,"6":1,"7":1,"8":1,"9":1,"10":0},"b":{"0":[3,2],"1":[2],"2":[3,0],"3":[1],"4":[2,1],"5":[2,1],"6":[0]}}
[...]
d":{"line":27,"column":null}},"22":{"start":{"line":28,"column":4},"end":{"line":28,"column":null}},"23":{"start":{"line":36,"column":2},"end":{"line":36,"column":null}},"24":{"start":{"line":36,"column":27},"end":{"line":36,"column":null}},"25":{"start":{"line":39,"column":2},"end":{"line":42,"column":null}},"26":{"start":{"line":40,"column":4},"end":{"line":40,"column":null}},"27":{"start":{"line":41,"column":4},"end":{"line":41,"column":null}},"28":{"start":{"line":45,"column":21},"end":{"line":45,"column":null}},"29":{"start":{"line":47,"column":2},"end":{"line":50,"column":null}},"30":{"start":{"line":48,"column":4},"end":{"line":48,"column":null}},"31":{"start":{"line":49,"column":4},"end":{"line":49,"column":null}},"32":{"start":{"line":53,"column":2},"end":{"line":59,"column":null}},"33":{"start":{"line":54,"column":25},"end":{"line":54,"column":null}},"34":{"start":{"line":55,"column":4},"end":{"line":55,"column":null}},"35":{"start":{"line":57,"column":4},"end":{"line":57,"column":null}},"36":{"start":{"line":58,"column":4},"end":{"line":58,"column":null}},"37":{"start":{"line":62,"column":2},"end":{"line":64,"column":null}},"38":{"start":{"line":63,"column":4},"end":{"line":63,"column":null}},"39":{"start":{"line":66,"column":2},"end":{"line":68,"column":null}},"40":{"start":{"line":67,"column":4},"end":{"line":67,"column":null}},"41":{"start":{"line":70,"column":2},"end":{"line":87,"column":null}},"42":{"start":{"line":71,"column":18},"end":{"line":74,"column":null}},"43":{"start":{"line":76,"column":4},"end":{"line":83,"column":null}},"44":{"start":{"line":77,"column":6},"end":{"line":77,"column":null}},"45":{"start":{"line":78,"column":6},"end":{"line":78,"column":null}},"46":{"start":{"line":79,"column":6},"end":{"line":79,"column":null}},"47":{"start":{"line":81,"column":6},"end":{"line":81,"column":null}},"48":{"start":{"line":82,"column":6},"end":{"line":82,"column":null}},"49":{"start":{"line":85,"column":4},"end":{"line":85,"column":null}},"50":{"start":{"line":86,"column":4},"end":{"line":86,"column":null}},"51":{"start":{"line":94,"column":2},"end":{"line":112,"column":null}},"52":{"start":{"line":95,"column":22},"end":{"line":95,"column":null}},"53":{"start":{"line":96,"column":25},"end":{"line":96,"column":null}},"54":{"start":{"line":99,"column":25},"end":{"line":99,"column":null}},"55":{"start":{"line":101,"column":23},"end":{"line":105,"column":null}},"56":{"start":{"line":107,"column":4},"end":{"line":107,"column":null}},"57":{"start":{"line":108,"column":4},"end":{"line":108,"column":null}},"58":{"start":{"line":110,"column":4},"end":{"line":110,"column":null}},"59":{"start":{"line":111,"column":4},"end":{"line":111,"column":null}},"60":{"start":{"line":121,"column":2},"end":{"line":123,"column":null}},"61":{"start":{"line":122,"column":4},"end":{"line":122,"column":null}},"62":{"start":{"line":125,"column":2},"end":{"line":127,"column":null}},"63":{"start":{"line":126,"column":4},"end":{"line":126,"column":null}},"64":{"start":{"line":129,"column":2},"end":{"line":132,"column":null}},"65":{"start":{"line":130,"column":4},"end":{"line":130,"column":null}},"66":{"start":{"line":131,"column":4},"end":{"line":131,"column":null}},"67":{"start":{"line":139,"column":2},"end":{"line":139,"column":null}},"68":{"start":{"line":146,"column":2},"end":{"line":148,"column":null}},"69":{"start":{"line":147,"column":4},"end":{"line":147,"column":null}},"70":{"start":{"line":149,"column":2},"end":{"line":149,"column":null}},"71":{"start":{"line":156,"column":2},"end":{"line":156,"column":null}},"72":{"start":{"line":163,"column":2},"end":{"line":163,"column":null}}},"fnMap":{"0":{"name":"initializeMessaging","decl":{"start":{"line":14,"column":16},"end":{"line":14,"column":35}},"loc":{"start":{"line":14,"column":16},"end":{"line":30,"column":null}}},"1":{"name":"requestNotificationPermission","decl":{"start":{"line":35,"column":22},"end":{"line":35,"column":51}},"loc":{"start":{"line":35,"column":22},"end":{"line":88,"column":null}}},"2":{"name":"saveTokenToServer","decl":{"start":{"line":93,"column":15},"end":{"line":93,"column":33}},"loc":{"start":{"line":93,"column":46},"end":{"line":113,"column":null}}},"3":{"name":"setupForegroundMessageListener","decl":{"start":{"line":118,"column":16},"end":{"line":118,"column":46}},"loc":{"start":{"line":119,"column":43},"end":{"line":133,"column":null}}},"4":{"name":"(anonymous_12)","decl":{"start":{"line":126,"column":11},"end":{"line":126,"column":18}},"loc":{"start":{"line":126,"column":11},"end":{"line":126,"column":null}}},"5":{"name":"(anonymous_13)","decl":{"start":{"line":129,"column":30},"end":{"line":129,"column":31}},"loc":{"start":{"line":129,"column":31},"end":{"line":132,"column":null}}},"6":{"name":"isPushNotificationSupported","decl":{"start":{"line":138,"column":16},"end":{"line":138,"column":43}},"loc":{"start":{"line":138,"column":16},"end":{"line":140,"column":null}}},"7":{"name":"getNotificationPermissionStatus","decl":{"start":{"line":145,"column":16},"end":{"line":145,"column":47}},"loc":{"start":{"line":145,"column":16},"end":{"line":150,"column":null}}},"8":{"name":"isIOSPWA","decl":{"start":{"line":155,"column":16},"end":{"line":155,"column":24}},"loc":{"start":{"line":155,"column":16},"end":{"line":157,"column":null}}},"9":{"name":"isIOS","decl":{"start":{"line":162,"column":16},"end":{"line":162,"column":21}},"loc":{"start":{"line":162,"column":16},"end":{"line":164,"column":null}}}},"branchMap":{"0":{"loc":{"start":{"line":15,"column":2},"end":{"line":15,"column":null}},"type":"if","locations":[{"start":{"line":15,"column":2},"end":{"line":15,"column":null}}]},"1":{"loc":{"start":{"line":18,"column":2},"end":{"line":21,"column":null}},"type":"if","locations":[{"start":{"line":18,"column":2},"end":{"line":21,"column":null}}]},"2":{"loc":{"start":{"line":18,"column":6},"end":{"line":18,"column":48}},"type":"binary-expr","locations":[{"start":{"line":18,"column":6},"end":{"line":18,"column":26}},{"start":{"line":18,"column":26},"end":{"line":18,"column":48}}]},"3":{"loc":{"start":{"line":36,"column":2},"end":{"line":36,"column":null}},"type":"if","locations":[{"start":{"line":36,"column":2},"end":{"line":36,"column":null}}]},"4":{"loc":{"start":{"line":39,"column":2},"end":{"line":42,"column":null}},"type":"if","locations":[{"start":{"line":39,"column":2},"end":{"line":42,"column":null}}]},"5":{"loc":{"start":{"line":47,"column":2},"end":{"line":50,"column":null}},"type":"if","locations":[{"start":{"line":47,"column":2},"end":{"line":50,"column":null}}]},"6":{"loc":{"start":{"line":62,"column":2},"end":{"line":64,"column":null}},"type":"if","locations":[{"start":{"line":62,"column":2},"end":{"line":64,"column":null}}]},"7":{"loc":{"start":{"line":66,"column":2},"end":{"line":68,"column":null}},"type":"if","locations":[{"start":{"line":66,"column":2},"end":{"line":68,"column":null}}]},"8":{"loc":{"start":{"line":76,"column":4},"end":{"line":83,"column":null}},"type":"if","locations":[{"start":{"line":76,"column":4},"end":{"line":83,"column":null}},{"start":{"line":80,"column":11},"end":{"line":83,"column":null}}]},"9":{"loc":{"start":{"line":99,"column":25},"end":{"line":99,"column":null}},"type":"binary-expr","locations":[{"start":{"line":99,"column":25},"end":{"line":99,"column":65}},{"start":{"line":99,"column":65},"end":{"line":99,"column":null}}]},"10":{"loc":{"start":{"line":121,"column":2},"end":{"line":123,"column":null}},"type":"if","locations":[{"start":{"line":121,"column":2},"end":{"line":123,"column":null}}]},"11":{"loc":{"start":{"line":125,"column":2},"end":{"line":127,"column":null}},"type":"if","locations":[{"start":{"line":125,"column":2},"end":{"line":127,"column":null}}]},"12":{"loc":{"start":{"line":146,"column":2},"end":{"line":148,"column":null}},"type":"if","locations":[{"start":{"line":146,"column":2},"end":{"line":148,"column":null}}]},"13":{"loc":{"start":{"line":146,"column":6},"end":{"line":146,"column":63}},"type":"binary-expr","locations":[{"start":{"line":146,"column":6},"end":{"line":146,"column":29}},{"start":{"line":146,"column":29},"end":{"line":146,"column":63}}]}},"s":{"0":3,"1":6,"2":2,"3":2,"4":2,"5":0,"6":1,"7":1,"8":1,"9":1,"10":1,"11":1,"12":1,"13":6,"14":1,"15":5,"16":1,"17":1,"18":4,"19":4,"20":3,"21":1,"22":1,"23":0,"24":0,"25":0,"26":0,"27":0,"28":0,"29":0,"30":0,"31":0,"32":0,"33":0,"34":0,"35":0,"36":0,"37":0,"38":0,"39":0,"40":0,"41":0,"42":0,"43":0,"44":0,"45":0,"46":0,"47":0,"48":0,"49":0,"50":0,"51":0,"52":0,"53":0,"54":0,"55":0,"56":0,"57":0,"58":0,"59":0,"60":1,"61":0,"62":1,"63":0,"64":1,"65":0,"66":0,"67":2,"68":3,"69":2,"70":1,"71":2,"72":2},"f":{"0":6,"1":0,"2":0,"3":1,"4":0,"5":0,"6":2,"7":3,"8":2,"9":2},"b":{"0":[1],"1":[1],"2":[5,2],"3":[0],"4":[0],"5":[0],"6":[0],"7":[0],"8":[0,0],"9":[0,0],"10":[0],"11":[0],"12":[2],"13":[3,2]}}
,"C:\\Users\\minku\\Desktop\\programming\\ToyProject\\Household-account\\web\\src\\lib\\bridges\\androidBridge.ts": {"path":"C:\\Users\\minku\\Desktop\\programming\\ToyProject\\Household-account\\web\\src\\lib\\bridges\\androidBridge.ts","statementMap":{"0":{"start":{"line":6,"column":13},"end":{"line":6,"column":29}},"1":{"start":{"line":6,"column":29},"end":{"line":49,"column":null}},"2":{"start":{"line":11,"column":4},"end":{"line":11,"column":null}},"3":{"start":{"line":11,"column":39},"end":{"line":11,"column":null}},"4":{"start":{"line":12,"column":19},"end":{"line":12,"column":61}},"5":{"start":{"line":13,"column":4},"end":{"line":13,"column":null}},"6":{"start":{"line":20,"column":4},"end":{"line":20,"column":null}},"7":{"start":{"line":20,"column":39},"end":{"line":20,"column":null}},"8":{"start":{"line":21,"column":19},"end":{"line":21,"column":61}},"9":{"start":{"line":22,"column":4},"end":{"line":24,"column":null}},"10":{"start":{"line":23,"column":6},"end":{"line":23,"column":null}},"11":{"start":{"line":31,"column":4},"end":{"line":31,"column":null}},"12":{"start":{"line":31,"column":39},"end":{"line":31,"column":null}},"13":{"start":{"line":32,"column":19},"end":{"line":32,"column":61}},"14":{"start":{"line":33,"column":4},"end":{"line":35,"column":null}},"15":{"start":{"line":34,"column":6},"end":{"line":34,"column":null}},"16":{"start":{"line":36,"column":4},"end":{"line":36,"column":null}},"17":{"start":{"line":43,"column":4},"end":{"line":43,"column":null}},"18":{"start":{"line":43,"column":39},"end":{"line":43,"column":null}},"19":{"start":{"line":44,"column":19},"end":{"line":44,"column":61}},"20":{"start":{"line":45,"column":4},"end":{"line":47,"column":null}},"21":{"start":{"line":46,"column":6},"end":{"line":46,"column":null}}},"fnMap":{"0":{"name":"(anonymous_1)","decl":{"start":{"line":10,"column":15},"end":{"line":10,"column":null}},"loc":{"start":{"line":10,"column":15},"end":{"line":14,"column":null}}},"1":{"name":"(anonymous_2)","decl":{"start":{"line":19,"column":19},"end":{"line":19,"column":20}},"loc":{"start":{"line":19,"column":20},"end":{"line":25,"column":null}}},"2":{"name":"(anonymous_3)","decl":{"start":{"line":30,"column":19},"end":{"line":30,"column":null}},"loc":{"start":{"line":30,"column":19},"end":{"line":37,"column":null}}},"3":{"name":"(anonymous_4)","decl":{"start":{"line":42,"column":21},"end":{"line":42,"column":null}},"loc":{"start":{"line":42,"column":21},"end":{"line":48,"column":null}}}},"branchMap":{"0":{"loc":{"start":{"line":11,"column":4},"end":{"line":11,"column":null}},"type":"if","locations":[{"start":{"line":11,"column":4},"end":{"line":11,"column":null}}]},"1":{"loc":{"start":{"line":20,"column":4},"end":{"line":20,"column":null}},"type":"if","locations":[{"start":{"line":20,"column":4},"end":{"line":20,"column":null}}]},"2":{"loc":{"start":{"line":22,"column":4},"end":{"line":24,"column":null}},"type":"if","locations":[{"start":{"line":22,"column":4},"end":{"line":24,"column":null}}]},"3":{"loc":{"start":{"line":22,"column":8},"end":{"line":22,"column":64}},"type":"binary-expr","locations":[{"start":{"line":22,"column":8},"end":{"line":22,"column":18}},{"start":{"line":22,"column":18},"end":{"line":22,"column":64}}]},"4":{"loc":{"start":{"line":31,"column":4},"end":{"line":31,"column":null}},"type":"if","locations":[{"start":{"line":31,"column":4},"end":{"line":31,"column":null}}]},"5":{"loc":{"start":{"line":33,"column":4},"end":{"line":35,"column":null}},"type":"if","locations":[{"start":{"line":33,"column":4},"end":{"line":35,"column":null}}]},"6":{"loc":{"start":{"line":33,"column":8},"end":{"line":33,"column":64}},"type":"binary-expr","locations":[{"start":{"line":33,"column":8},"end":{"line":33,"column":18}},{"start":{"line":33,"column":18},"end":{"line":33,"column":64}}]},"7":{"loc":{"start":{"line":43,"column":4},"end":{"line":43,"column":null}},"type":"if","locations":[{"start":{"line":43,"column":4},"end":{"line":43,"column":null}}]},"8":{"loc":{"start":{"line":45,"column":4},"end":{"line":47,"column":null}},"type":"if","locations":[{"start":{"line":45,"column":4},"end":{"line":47,"column":null}}]},"9":{"loc":{"start":{"line":45,"column":8},"end":{"line":45,"column":66}},"type":"binary-expr","locations":[{"start":{"line":45,"column":8},"end":{"line":45,"column":18}},{"start":{"line":45,"column":18},"end":{"line":45,"column":66}}]}},"s":{"0":10,"1":1,"2":2,"3":0,"4":2,"5":2,"6":3,"7":0,"8":3,"9":3,"10":1,"11":3,"12":0,"13":3,"14":3,"15":1,"16":2,"17":2,"18":0,"19":2,"20":2,"21":1},"f":{"0":2,"1":3,"2":3,"3":2},"b":{"0":[0],"1":[0],"2":[1],"3":[3,2],"4":[0],"5":[1],"6":[3,2],"7":[0],"8":[1],"9":[2,1]}}
,"C:\\Users\\minku\\Desktop\\programming\\ToyProject\\Household-account\\web\\src\\lib\\storage\\householdStorage.ts": {"path":"C:\\Users\\minku\\Desktop\\programming\\ToyProject\\Household-account\\web\\src\\lib\\storage\\householdStorage.ts","statementMap":{"0":{"start":{"line":8,"column":13},"end":{"line":8,"column":32}},"1":{"start":{"line":1,"column":30},"end":{"line":1,"column":null}},"2":{"start":{"line":3,"column":20},"end":{"line":3,"column":null}},"3":{"start":{"line":8,"column":32},"end":{"line":38,"column":null}},"4":{"start":{"line":13,"column":4},"end":{"line":13,"column":null}},"5":{"start":{"line":13,"column":39},"end":{"line":13,"column":null}},"6":{"start":{"line":14,"column":4},"end":{"line":14,"column":null}},"7":{"start":{"line":22,"column":4},"end":{"line":22,"column":null}},"8":{"start":{"line":22,"column":39},"end":{"line":22,"column":null}},"9":{"start":{"line":23,"column":4},"end":{"line":23,"column":null}},"10":{"start":{"line":25,"column":4},"end":{"line":25,"column":null}},"11":{"start":{"line":33,"column":4},"end":{"line":33,"column":null}},"12":{"start":{"line":33,"column":39},"end":{"line":33,"column":null}},"13":{"start":{"line":34,"column":4},"end":{"line":34,"column":null}},"14":{"start":{"line":36,"column":4},"end":{"line":36,"column":null}}},"fnMap":{"0":{"name":"(anonymous_1)","decl":{"start":{"line":12,"column":7},"end":{"line":12,"column":null}},"loc":{"start":{"line":12,"column":7},"end":{"line":15,"column":null}}},"1":{"name":"(anonymous_2)","decl":{"start":{"line":21,"column":7},"end":{"line":21,"column":8}},"loc":{"start":{"line":21,"column":8},"end":{"line":26,"column":null}}},"2":{"name":"(anonymous_3)","decl":{"start":{"line":32,"column":9},"end":{"line":32,"column":null}},"loc":{"start":{"line":32,"column":9},"end":{"line":37,"column":null}}}},"branchMap":{"0":{"loc":{"start":{"line":13,"column":4},"end":{"line":13,"column":null}},"type":"if","locations":[{"start":{"line":13,"column":4},"end":{"line":13,"column":null}}]},"1":{"loc":{"start":{"line":22,"column":4},"end":{"line":22,"column":null}},"type":"if","locations":[{"start":{"line":22,"column":4},"end":{"line":22,"column":null}}]},"2":{"loc":{"start":{"line":33,"column":4},"end":{"line":33,"column":null}},"type":"if","locations":[{"start":{"line":33,"column":4},"end":{"line":33,"column":null}}]}},"s":{"0":6,"1":1,"2":1,"3":1,"4":2,"5":0,"6":2,"7":2,"8":0,"9":2,"10":2,"11":2,"12":0,"13":2,"14":2},"f":{"0":2,"1":2,"2":2},"b":{"0":[0],"1":[0],"2":[0]}}
,"C:\\Users\\minku\\Desktop\\programming\\ToyProject\\Household-account\\web\\src\\lib\\utils\\platform.ts": {"path":"C:\\Users\\minku\\Desktop\\programming\\ToyProject\\Household-account\\web\\src\\lib\\utils\\platform.ts","statementMap":{"0":{"start":{"line":4,"column":13},"end":{"line":4,"column":24}},"1":{"start":{"line":4,"column":24},"end":{"line":54,"column":null}},"2":{"start":{"line":9,"column":4},"end":{"line":9,"column":null}},"3":{"start":{"line":9,"column":39},"end":{"line":9,"column":null}},"4":{"start":{"line":10,"column":4},"end":{"line":10,"column":null}},"5":{"start":{"line":17,"column":4},"end":{"line":17,"column":null}},"6":{"start":{"line":17,"column":39},"end":{"line":17,"column":null}},"7":{"start":{"line":18,"column":18},"end":{"line":18,"column":null}},"8":{"start":{"line":19,"column":25},"end":{"line":19,"column":null}},"9":{"start":{"line":20,"column":4},"end":{"line":20,"column":null}},"10":{"start":{"line":27,"column":4},"end":{"line":27,"column":null}},"11":{"start":{"line":27,"column":39},"end":{"line":27,"column":null}},"12":{"start":{"line":28,"column":4},"end":{"line":28,"column":null}},"13":{"start":{"line":35,"column":4},"end":{"line":35,"column":null}},"14":{"start":{"line":35,"column":39},"end":{"line":35,"column":null}},"15":{"start":{"line":36,"column":4},"end":{"line":38,"column":null}},"16":{"start":{"line":45,"column":4},"end":{"line":45,"column":null}},"17":{"start":{"line":52,"column":4},"end":{"line":52,"column":null}}},"fnMap":{"0":{"name":"(anonymous_1)","decl":{"start":{"line":8,"column":9},"end":{"line":8,"column":null}},"loc":{"start":{"line":8,"column":9},"end":{"line":11,"column":null}}},"1":{"name":"(anonymous_2)","decl":{"start":{"line":16,"column":12},"end":{"line":16,"column":null}},"loc":{"start":{"line":16,"column":12},"end":{"line":21,"column":null}}},"2":{"name":"(anonymous_3)","decl":{"start":{"line":26,"column":24},"end":{"line":26,"column":null}},"loc":{"start":{"line":26,"column":24},"end":{"line":29,"column":null}}},"3":{"name":"(anonymous_4)","decl":{"start":{"line":34,"column":28},"end":{"line":34,"column":null}},"loc":{"start":{"line":34,"column":28},"end":{"line":39,"column":null}}},"4":{"name":"(anonymous_5)","decl":{"start":{"line":44,"column":12},"end":{"line":44,"column":null}},"loc":{"start":{"line":44,"column":12},"end":{"line":46,"column":null}}},"5":{"name":"(anonymous_6)","decl":{"start":{"line":51,"column":12},"end":{"line":51,"column":null}},"loc":{"start":{"line":51,"column":12},"end":{"line":53,"column":null}}}},"branchMap":{"0":{"loc":{"start":{"line":9,"column":4},"end":{"line":9,"column":null}},"type":"if","locations":[{"start":{"line":9,"column":4},"end":{"line":9,"column":null}}]},"1":{"loc":{"start":{"line":17,"column":4},"end":{"line":17,"column":null}},"type":"if","locations":[{"start":{"line":17,"column":4},"end":{"line":17,"column":null}}]},"2":{"loc":{"start":{"line":20,"column":11},"end":{"line":20,"column":null}},"type":"binary-expr","locations":[{"start":{"line":20,"column":11},"end":{"line":20,"column":20}},{"start":{"line":20,"column":20},"end":{"line":20,"column":null}}]},"3":{"loc":{"start":{"line":27,"column":4},"end":{"line":27,"column":null}},"type":"if","locations":[{"start":{"line":27,"column":4},"end":{"line":27,"column":null}}]},"4":{"loc":{"start":{"line":35,"column":4},"end":{"line":35,"column":null}},"type":"if","locations":[{"start":{"line":35,"column":4},"end":{"line":35,"column":null}}]},"5":{"loc":{"start":{"line":36,"column":11},"end":{"line":38,"column":null}},"type":"binary-expr","locations":[{"start":{"line":36,"column":11},"end":{"line":36,"column":null}},{"start":{"line":37,"column":11},"end":{"line":37,"column":null}},{"start":{"line":38,"column":11},"end":{"line":38,"column":null}}]}},"s":{"0":20,"1":2,"2":6,"3":1,"4":5,"5":4,"6":1,"7":3,"8":3,"9":3,"10":3,"11":1,"12":2,"13":3,"14":1,"15":2,"16":2,"17":2},"f":{"0":6,"1":4,"2":3,"3":3,"4":2,"5":2},"b":{"0":[1],"1":[1],"2":[3,2],"3":[1],"4":[1],"5":[2,1,1]}}
}
