TN:
SF:src\contexts\CategoryContext.tsx
FN:45,CategoryProvider
FN:51,(anonymous_7)
FN:55,(anonymous_8)
FN:61,(anonymous_9)
FN:65,(anonymous_10)
FN:74,initialize
FN:79,(anonymous_12)
FN:87,(anonymous_13)
FN:96,(anonymous_14)
FN:97,(anonymous_15)
FN:103,(anonymous_16)
FN:104,(anonymous_17)
FN:111,(anonymous_18)
FN:112,(anonymous_19)
FN:119,(anonymous_20)
FN:120,(anonymous_21)
FN:128,(anonymous_22)
FN:138,(anonymous_23)
FN:144,(anonymous_24)
FN:148,(anonymous_25)
FN:152,(anonymous_26)
FN:153,(anonymous_27)
FN:158,(anonymous_28)
FN:166,(anonymous_29)
FN:174,(anonymous_30)
FN:175,(anonymous_31)
FN:198,useCategoryContext
FNF:27
FNH:22
FNDA:33,CategoryProvider
FNDA:13,(anonymous_7)
FNDA:0,(anonymous_8)
FNDA:13,(anonymous_9)
FNDA:26,(anonymous_10)
FNDA:13,initialize
FNDA:13,(anonymous_12)
FNDA:13,(anonymous_13)
FNDA:0,(anonymous_14)
FNDA:0,(anonymous_15)
FNDA:40,(anonymous_16)
FNDA:28,(anonymous_17)
FNDA:40,(anonymous_18)
FNDA:28,(anonymous_19)
FNDA:20,(anonymous_20)
FNDA:7,(anonymous_21)
FNDA:1,(anonymous_22)
FNDA:1,(anonymous_23)
FNDA:1,(anonymous_24)
FNDA:1,(anonymous_25)
FNDA:0,(anonymous_26)
FNDA:0,(anonymous_27)
FNDA:33,(anonymous_28)
FNDA:33,(anonymous_29)
FNDA:33,(anonymous_30)
FNDA:21,(anonymous_31)
FNDA:38,useCategoryContext
DA:3,1
DA:14,1
DA:15,1
DA:37,1
DA:40,1
DA:45,13
DA:46,33
DA:47,33
DA:48,33
DA:51,33
DA:52,13
DA:55,13
DA:56,0
DA:57,0
DA:60,13
DA:61,13
DA:65,33
DA:66,26
DA:67,13
DA:68,13
DA:69,13
DA:76,13
DA:79,13
DA:80,13
DA:81,13
DA:85,13
DA:87,13
DA:88,13
DA:89,13
DA:95,33
DA:97,0
DA:102,33
DA:104,40
DA:105,40
DA:110,33
DA:112,40
DA:113,40
DA:118,33
DA:120,20
DA:121,20
DA:127,33
DA:129,1
DA:130,1
DA:131,1
DA:132,1
DA:137,33
DA:139,1
DA:144,33
DA:145,1
DA:148,33
DA:149,1
DA:152,33
DA:153,0
DA:154,0
DA:158,33
DA:159,33
DA:160,33
DA:161,21
DA:163,33
DA:166,33
DA:167,33
DA:168,33
DA:169,21
DA:171,33
DA:174,33
DA:175,33
DA:178,33
DA:198,38
DA:199,38
DA:200,37
DA:201,4
DA:203,33
LF:72
LH:67
BRDA:52,0,0,13
BRDA:52,0,1,0
BRDA:56,1,0,0
BRDA:57,2,0,0
BRDA:57,2,1,0
BRDA:66,3,0,13
BRDA:88,4,0,13
BRDA:105,5,0,40
BRDA:105,5,1,33
BRDA:113,6,0,40
BRDA:113,6,1,33
BRDA:121,7,0,20
BRDA:121,7,1,13
BRDA:128,8,0,0
BRDA:129,9,0,0
BRDA:200,10,0,4
BRF:16
BRH:10
end_of_record
TN:
SF:src\contexts\HouseholdContext.tsx
FN:24,HouseholdProvider
FN:30,(anonymous_4)
FN:31,(anonymous_5)
FN:51,(anonymous_6)
FN:66,(anonymous_7)
FN:88,useHousehold
FNF:6
FNH:6
FNDA:16,HouseholdProvider
FNDA:7,(anonymous_4)
FNDA:7,(anonymous_5)
FNDA:2,(anonymous_6)
FNDA:1,(anonymous_7)
FNDA:21,useHousehold
DA:3,1
DA:11,1
DA:22,1
DA:24,7
DA:25,16
DA:26,16
DA:27,16
DA:30,16
DA:31,7
DA:32,7
DA:34,7
DA:35,3
DA:36,3
DA:37,2
DA:38,2
DA:39,2
DA:41,1
DA:45,7
DA:48,7
DA:51,16
DA:52,2
DA:53,2
DA:55,2
DA:56,1
DA:57,1
DA:58,1
DA:59,1
DA:60,1
DA:63,1
DA:66,16
DA:67,1
DA:68,1
DA:69,1
DA:88,21
DA:89,21
DA:90,20
DA:91,4
DA:93,16
LF:38
LH:38
BRDA:34,0,0,3
BRDA:36,1,0,2
BRDA:36,1,1,1
BRDA:55,2,0,1
BRDA:90,3,0,4
BRF:5
BRH:5
end_of_record
TN:
SF:src\contexts\ThemeContext.tsx
FN:111,ThemeProvider
FN:116,(anonymous_8)
FN:118,(anonymous_9)
FN:125,(anonymous_10)
FN:128,(anonymous_11)
FN:145,(anonymous_12)
FN:150,(anonymous_13)
FN:167,useTheme
FNF:8
FNH:8
FNDA:12,ThemeProvider
FNDA:5,(anonymous_8)
FNDA:7,(anonymous_9)
FNDA:12,(anonymous_10)
FNDA:10,(anonymous_11)
FNDA:2,(anonymous_12)
FNDA:15,(anonymous_13)
FNDA:17,useTheme
DA:3,1
DA:23,4
DA:107,1
DA:109,1
DA:111,5
DA:112,12
DA:113,12
DA:116,12
DA:117,5
DA:118,7
DA:119,1
DA:121,5
DA:125,12
DA:126,12
DA:128,10
DA:129,7
DA:131,7
DA:132,7
DA:133,7
DA:134,7
DA:135,7
DA:136,7
DA:137,7
DA:138,7
DA:141,7
DA:142,7
DA:145,12
DA:146,2
DA:147,2
DA:150,15
DA:152,12
DA:167,17
DA:168,17
DA:169,16
DA:170,4
DA:172,12
LF:36
LH:36
BRDA:118,0,0,1
BRDA:118,1,0,5
BRDA:118,1,1,2
BRDA:126,2,0,5
BRDA:128,3,0,7
BRDA:128,3,1,0
BRDA:150,4,0,12
BRDA:150,4,1,0
BRDA:152,5,0,5
BRDA:169,6,0,4
BRF:10
BRH:8
end_of_record
TN:
SF:src\hooks\useExpenses.ts
FN:41,useExpenses
FN:46,(anonymous_2)
FN:52,(anonymous_3)
FN:58,(anonymous_4)
FN:62,(anonymous_5)
FN:70,(anonymous_6)
FN:81,(anonymous_7)
FN:86,(anonymous_8)
FN:91,(anonymous_9)
FN:96,(anonymous_10)
FN:101,(anonymous_11)
FN:102,(anonymous_12)
FN:106,(anonymous_13)
FN:107,(anonymous_14)
FN:111,(anonymous_15)
FN:112,(anonymous_16)
FNF:16
FNH:16
FNDA:25,useExpenses
FNDA:16,(anonymous_2)
FNDA:15,(anonymous_3)
FNDA:16,(anonymous_4)
FNDA:1,(anonymous_5)
FNDA:1,(anonymous_6)
FNDA:1,(anonymous_7)
FNDA:1,(anonymous_8)
FNDA:1,(anonymous_9)
FNDA:1,(anonymous_10)
FNDA:2,(anonymous_11)
FNDA:6,(anonymous_12)
FNDA:1,(anonymous_13)
FNDA:3,(anonymous_14)
FNDA:2,(anonymous_15)
FNDA:3,(anonymous_16)
DA:1,1
DA:12,1
DA:41,25
DA:42,25
DA:43,25
DA:46,25
DA:47,16
DA:49,16
DA:53,15
DA:54,15
DA:58,16
DA:62,25
DA:66,1
DA:70,25
DA:77,1
DA:81,25
DA:82,1
DA:86,25
DA:87,1
DA:91,25
DA:92,1
DA:96,25
DA:97,1
DA:101,25
DA:102,6
DA:106,25
DA:107,3
DA:111,25
DA:112,3
DA:115,25
LF:30
LH:30
BRF:0
BRH:0
end_of_record
TN:
SF:src\hooks\useMonthNavigation.ts
FN:25,useMonthNavigation
FN:37,(anonymous_2)
FN:48,(anonymous_3)
FN:59,(anonymous_4)
FN:77,(anonymous_5)
FN:83,(anonymous_6)
FNF:6
FNH:6
FNDA:24,useMonthNavigation
FNDA:2,(anonymous_2)
FNDA:3,(anonymous_3)
FNDA:6,(anonymous_4)
FNDA:1,(anonymous_5)
FNDA:2,(anonymous_6)
DA:1,1
DA:25,24
DA:26,24
DA:30,24
DA:32,24
DA:33,24
DA:34,24
DA:37,24
DA:38,2
DA:39,2
DA:40,1
DA:41,1
DA:43,1
DA:48,24
DA:49,3
DA:50,3
DA:51,1
DA:52,1
DA:54,2
DA:59,24
DA:61,6
DA:62,6
DA:64,6
DA:65,3
DA:66,3
DA:67,2
DA:69,1
DA:72,6
DA:73,6
DA:77,24
DA:78,1
DA:79,1
DA:83,24
DA:84,2
DA:87,24
LF:35
LH:35
BRDA:25,0,0,1
BRDA:28,1,0,1
BRDA:29,2,0,1
BRDA:39,3,0,1
BRDA:39,3,1,1
BRDA:50,4,0,1
BRDA:50,4,1,2
BRDA:64,5,0,3
BRDA:64,5,1,3
BRDA:66,6,0,2
BRDA:66,6,1,1
BRF:11
BRH:11
end_of_record
TN:
SF:src\lib\authService.ts
FN:22,signInWithGoogle
FN:35,logOut
FN:42,getCurrentUser
FN:49,onAuthChange
FN:56,isAdmin
FNF:5
FNH:5
FNDA:2,signInWithGoogle
FNDA:1,logOut
FNDA:1,getCurrentUser
FNDA:1,onAuthChange
FNDA:4,isAdmin
DA:8,1
DA:9,1
DA:11,1
DA:12,1
DA:15,1
DA:22,2
DA:23,2
DA:24,2
DA:25,1
DA:27,1
DA:28,1
DA:35,1
DA:36,1
DA:42,1
DA:43,1
DA:49,1
DA:50,1
DA:56,4
DA:57,4
DA:58,2
LF:20
LH:20
BRDA:57,0,0,2
BRDA:57,1,0,4
BRDA:57,1,1,3
BRF:3
BRH:3
end_of_record
TN:
SF:src\lib\budgetTransferService.ts
FN:21,addBudgetTransfer
FN:44,deleteBudgetTransfer
FN:52,subscribeToMonthlyBudgetTransfers
FN:59,(anonymous_8)
FN:68,(anonymous_9)
FN:69,(anonymous_10)
FN:83,(anonymous_11)
FN:97,calculateBudgetAdjustments
FN:102,(anonymous_13)
FNF:9
FNH:2
FNDA:0,addBudgetTransfer
FNDA:0,deleteBudgetTransfer
FNDA:0,subscribeToMonthlyBudgetTransfers
FNDA:0,(anonymous_8)
FNDA:0,(anonymous_9)
FNDA:0,(anonymous_10)
FNDA:0,(anonymous_11)
FNDA:6,calculateBudgetAdjustments
FNDA:10,(anonymous_13)
DA:10,1
DA:11,1
DA:16,1
DA:21,0
DA:29,0
DA:38,0
DA:44,0
DA:45,0
DA:46,0
DA:52,0
DA:57,0
DA:58,0
DA:59,0
DA:62,0
DA:68,0
DA:69,0
DA:70,0
DA:71,0
DA:82,0
DA:84,0
DA:85,0
DA:88,0
DA:97,6
DA:100,6
DA:102,6
DA:104,10
DA:106,10
DA:109,6
LF:28
LH:9
BRDA:35,0,0,0
BRDA:35,0,1,0
BRDA:57,1,0,0
BRDA:79,2,0,0
BRDA:79,2,1,0
BRDA:104,3,0,10
BRDA:104,3,1,7
BRDA:106,4,0,10
BRDA:106,4,1,7
BRF:9
BRH:4
end_of_record
TN:
SF:src\lib\categoryService.ts
FN:34,initializeDefaultCategories
FN:54,addCategory
FN:67,updateCategory
FN:76,deleteCategory
FN:82,setBudget
FN:87,reorderCategories
FN:101,subscribeToCategories
FN:107,(anonymous_17)
FN:116,(anonymous_18)
FN:117,(anonymous_19)
FN:123,(anonymous_20)
FN:133,generateCategoryKey
FNF:12
FNH:11
FNDA:3,initializeDefaultCategories
FNDA:1,addCategory
FNDA:3,updateCategory
FNDA:1,deleteCategory
FNDA:2,setBudget
FNDA:1,reorderCategories
FNDA:3,subscribeToCategories
FNDA:0,(anonymous_17)
FNDA:1,(anonymous_18)
FNDA:1,(anonymous_19)
FNDA:1,(anonymous_20)
FNDA:3,generateCategoryKey
DA:13,1
DA:14,1
DA:20,1
DA:28,1
DA:31,1
DA:34,3
DA:35,3
DA:37,2
DA:38,2
DA:40,2
DA:41,1
DA:43,1
DA:44,5
DA:45,5
DA:48,1
DA:49,1
DA:54,1
DA:58,1
DA:63,1
DA:67,1
DA:71,3
DA:72,3
DA:76,1
DA:77,1
DA:78,1
DA:82,2
DA:83,2
DA:87,1
DA:90,1
DA:92,1
DA:93,3
DA:94,3
DA:97,1
DA:101,3
DA:105,3
DA:106,1
DA:107,1
DA:110,2
DA:116,2
DA:117,1
DA:122,1
DA:124,1
DA:126,1
DA:129,2
DA:133,3
DA:134,3
DA:138,2
LF:47
LH:47
BRDA:35,0,0,1
BRDA:40,1,0,1
BRDA:105,2,0,1
BRF:3
BRH:3
end_of_record
TN:
SF:src\lib\expenseService.ts
FN:25,getHouseholdId
FN:36,mapDocToExpense
FN:56,addExpense
FN:69,updateExpense
FN:77,deleteExpense
FN:85,subscribeToMonthlyExpenses
FN:100,(anonymous_19)
FN:105,(anonymous_20)
FN:106,(anonymous_21)
FN:109,(anonymous_22)
FN:120,updateCategory
FN:128,subscribeToDateRangeExpenses
FN:140,(anonymous_25)
FN:144,(anonymous_26)
FN:145,(anonymous_27)
FN:148,(anonymous_28)
FN:159,addManualExpense
FN:188,fixInvalidCategories
FN:232,splitExpense
FN:238,(anonymous_32)
FN:271,mergeExpenses
FN:275,(anonymous_34)
FN:313,unmergeExpense
FN:320,(anonymous_36)
FN:353,searchExpenses
FN:370,(anonymous_38)
FN:375,(anonymous_39)
FNF:27
FNH:19
FNDA:16,getHouseholdId
FNDA:18,mapDocToExpense
FNDA:2,addExpense
FNDA:1,updateExpense
FNDA:1,deleteExpense
FNDA:5,subscribeToMonthlyExpenses
FNDA:5,(anonymous_19)
FNDA:13,(anonymous_20)
FNDA:8,(anonymous_21)
FNDA:0,(anonymous_22)
FNDA:1,updateCategory
FNDA:0,subscribeToDateRangeExpenses
FNDA:0,(anonymous_25)
FNDA:0,(anonymous_26)
FNDA:0,(anonymous_27)
FNDA:0,(anonymous_28)
FNDA:2,addManualExpense
FNDA:0,fixInvalidCategories
FNDA:2,splitExpense
FNDA:2,(anonymous_32)
FNDA:3,mergeExpenses
FNDA:3,(anonymous_34)
FNDA:3,unmergeExpense
FNDA:2,(anonymous_36)
FNDA:5,searchExpenses
FNDA:5,(anonymous_38)
FNDA:0,(anonymous_39)
DA:15,1
DA:16,1
DA:18,1
DA:20,1
DA:26,16
DA:27,16
DA:28,1
DA:30,15
DA:37,18
DA:38,18
DA:56,2
DA:57,2
DA:58,1
DA:63,1
DA:69,1
DA:70,1
DA:71,1
DA:77,1
DA:78,1
DA:79,1
DA:85,5
DA:90,5
DA:91,5
DA:92,5
DA:95,5
DA:100,5
DA:101,5
DA:104,5
DA:105,13
DA:106,8
DA:108,5
DA:110,0
DA:111,0
DA:114,5
DA:120,1
DA:121,1
DA:122,1
DA:128,0
DA:133,0
DA:135,0
DA:140,0
DA:141,0
DA:143,0
DA:144,0
DA:145,0
DA:147,0
DA:149,0
DA:150,0
DA:153,0
DA:159,2
DA:166,2
DA:167,2
DA:168,2
DA:170,2
DA:182,2
DA:188,0
DA:191,0
DA:192,0
DA:198,0
DA:202,0
DA:204,0
DA:206,0
DA:207,0
DA:208,0
DA:211,0
DA:212,0
DA:213,0
DA:214,0
DA:218,0
DA:232,2
DA:236,2
DA:238,2
DA:240,2
DA:241,2
DA:244,2
DA:245,2
DA:246,4
DA:247,4
DA:259,4
DA:262,2
DA:271,3
DA:275,3
DA:277,3
DA:280,3
DA:281,3
DA:300,3
DA:301,3
DA:304,3
DA:305,3
DA:313,3
DA:314,3
DA:315,1
DA:318,2
DA:320,2
DA:321,2
DA:324,2
DA:325,4
DA:326,4
DA:338,4
DA:342,2
DA:343,2
DA:345,2
DA:353,5
DA:354,5
DA:355,2
DA:358,3
DA:360,3
DA:365,3
DA:366,3
DA:368,3
DA:371,5
DA:372,5
DA:373,5
DA:375,0
DA:377,3
LF:115
LH:86
BRDA:27,0,0,1
BRDA:45,1,0,18
BRDA:45,1,1,1
BRDA:46,2,0,18
BRDA:46,2,1,18
BRDA:105,3,0,13
BRDA:105,3,1,12
BRDA:144,4,0,0
BRDA:144,4,1,0
BRDA:178,5,0,2
BRDA:178,5,1,1
BRDA:208,6,0,0
BRDA:208,6,1,0
BRDA:211,7,0,0
BRDA:212,8,0,0
BRDA:212,8,1,0
BRDA:255,9,0,4
BRDA:255,9,1,4
BRDA:280,10,0,3
BRDA:280,10,1,2
BRDA:284,11,0,2
BRDA:284,11,1,1
BRDA:288,12,0,2
BRDA:288,12,1,2
BRDA:295,13,0,3
BRDA:295,13,1,3
BRDA:314,14,0,1
BRDA:314,15,0,3
BRDA:314,15,1,2
BRDA:334,16,0,4
BRDA:334,16,1,3
BRDA:354,17,0,2
BRDA:373,18,0,5
BRDA:373,18,1,3
BRF:34
BRH:27
end_of_record
TN:
SF:src\lib\firebase.ts
FNF:0
FNH:0
DA:1,1
DA:2,1
DA:4,1
DA:15,1
DA:16,1
DA:18,0
LF:6
LH:5
BRDA:15,0,0,1
BRDA:15,0,1,0
BRF:2
BRH:1
end_of_record
TN:
SF:src\lib\householdService.ts
FN:21,generateKey
FN:33,createHousehold
FN:56,validateHouseholdKey
FN:65,getHousehold
FN:82,getAllHouseholds
FN:84,(anonymous_15)
FN:94,deleteHousehold
FN:101,getStoredHouseholdKey
FN:108,setStoredHouseholdKey
FN:115,clearStoredHouseholdKey
FN:122,migrateExpensesToHousehold
FNF:11
FNH:10
FNDA:4,generateKey
FNDA:3,createHousehold
FNDA:2,validateHouseholdKey
FNDA:3,getHousehold
FNDA:1,getAllHouseholds
FNDA:2,(anonymous_15)
FNDA:1,deleteHousehold
FNDA:1,getStoredHouseholdKey
FNDA:1,setStoredHouseholdKey
FNDA:1,clearStoredHouseholdKey
FNDA:0,migrateExpensesToHousehold
DA:9,1
DA:10,1
DA:12,1
DA:16,1
DA:22,4
DA:23,4
DA:24,4
DA:25,80
DA:27,4
DA:33,3
DA:34,3
DA:37,3
DA:38,2
DA:39,2
DA:40,2
DA:41,2
DA:45,3
DA:50,3
DA:56,2
DA:57,2
DA:58,2
DA:59,2
DA:65,3
DA:66,3
DA:67,3
DA:69,3
DA:71,2
DA:72,2
DA:82,1
DA:83,1
DA:84,2
DA:94,1
DA:95,1
DA:101,1
DA:102,1
DA:108,1
DA:109,1
DA:115,1
DA:116,1
DA:122,0
DA:123,0
DA:124,0
DA:126,0
DA:128,0
DA:129,0
DA:130,0
DA:131,0
DA:132,0
DA:136,0
LF:49
LH:39
BRDA:34,0,0,3
BRDA:34,0,1,2
BRDA:37,1,0,2
BRDA:46,2,0,3
BRDA:46,2,1,0
BRDA:69,3,0,1
BRDA:75,4,0,2
BRDA:75,4,1,1
BRDA:87,5,0,2
BRDA:87,5,1,1
BRDA:130,6,0,0
BRF:11
BRH:9
end_of_record
TN:
SF:src\lib\merchantRuleService.ts
FN:22,addMerchantRule
FN:49,updateMerchantRule
FN:60,deleteMerchantRule
FN:68,ruleExists
FN:81,subscribeToRules
FN:87,(anonymous_11)
FN:97,(anonymous_12)
FN:98,(anonymous_13)
FN:104,(anonymous_14)
FNF:9
FNH:8
FNDA:4,addMerchantRule
FNDA:1,updateMerchantRule
FNDA:1,deleteMerchantRule
FNDA:5,ruleExists
FNDA:3,subscribeToRules
FNDA:0,(anonymous_11)
FNDA:1,(anonymous_12)
FNDA:1,(anonymous_13)
FNDA:1,(anonymous_14)
DA:11,1
DA:12,1
DA:17,1
DA:22,4
DA:28,4
DA:31,3
DA:32,3
DA:33,1
DA:34,1
DA:37,2
DA:43,2
DA:49,1
DA:53,1
DA:54,1
DA:60,1
DA:61,1
DA:62,1
DA:68,2
DA:69,5
DA:74,5
DA:75,5
DA:81,3
DA:85,3
DA:86,1
DA:87,1
DA:90,2
DA:95,2
DA:98,1
DA:102,1
DA:105,1
DA:106,1
DA:110,2
LF:32
LH:32
BRDA:26,0,0,3
BRDA:28,1,0,1
BRDA:32,2,0,1
BRDA:85,3,0,1
BRF:4
BRH:4
end_of_record
TN:
SF:src\lib\pushNotificationService.ts
FN:14,initializeMessaging
FN:35,requestNotificationPermission
FN:93,saveTokenToServer
FN:118,setupForegroundMessageListener
FN:126,(anonymous_12)
FN:129,(anonymous_13)
FN:138,isPushNotificationSupported
FN:145,getNotificationPermissionStatus
FN:155,isIOSPWA
FN:162,isIOS
FNF:10
FNH:6
FNDA:6,initializeMessaging
FNDA:0,requestNotificationPermission
FNDA:0,saveTokenToServer
FNDA:1,setupForegroundMessageListener
FNDA:0,(anonymous_12)
FNDA:0,(anonymous_13)
FNDA:2,isPushNotificationSupported
FNDA:3,getNotificationPermissionStatus
FNDA:2,isIOSPWA
FNDA:2,isIOS
DA:1,1
DA:2,1
DA:3,1
DA:4,1
DA:7,1
DA:9,1
DA:14,6
DA:15,6
DA:18,5
DA:19,1
DA:20,1
DA:23,4
DA:24,4
DA:25,3
DA:27,1
DA:28,1
DA:35,0
DA:36,0
DA:39,0
DA:40,0
DA:41,0
DA:45,0
DA:47,0
DA:48,0
DA:49,0
DA:53,0
DA:54,0
DA:55,0
DA:57,0
DA:58,0
DA:62,0
DA:63,0
DA:66,0
DA:67,0
DA:70,0
DA:71,0
DA:76,0
DA:77,0
DA:78,0
DA:79,0
DA:81,0
DA:82,0
DA:85,0
DA:86,0
DA:94,0
DA:95,0
DA:96,0
DA:99,0
DA:101,0
DA:107,0
DA:108,0
DA:110,0
DA:111,0
DA:118,1
DA:121,1
DA:122,0
DA:125,1
DA:126,0
DA:129,1
DA:130,0
DA:131,0
DA:138,2
DA:139,2
DA:145,3
DA:146,3
DA:147,2
DA:149,1
DA:155,2
DA:156,2
DA:162,2
DA:163,2
LF:71
LH:30
BRDA:15,0,0,1
BRDA:18,1,0,1
BRDA:18,2,0,5
BRDA:18,2,1,2
BRDA:36,3,0,0
BRDA:39,4,0,0
BRDA:47,5,0,0
BRDA:62,6,0,0
BRDA:66,7,0,0
BRDA:76,8,0,0
BRDA:76,8,1,0
BRDA:99,9,0,0
BRDA:99,9,1,0
BRDA:121,10,0,0
BRDA:125,11,0,0
BRDA:146,12,0,2
BRDA:146,13,0,3
BRDA:146,13,1,2
BRF:18
BRH:7
end_of_record
TN:
SF:src\lib\bridges\androidBridge.ts
FN:10,(anonymous_1)
FN:19,(anonymous_2)
FN:30,(anonymous_3)
FN:42,(anonymous_4)
FNF:4
FNH:4
FNDA:2,(anonymous_1)
FNDA:3,(anonymous_2)
FNDA:3,(anonymous_3)
FNDA:2,(anonymous_4)
DA:6,10
DA:11,2
DA:12,2
DA:13,2
DA:20,3
DA:21,3
DA:22,3
DA:23,1
DA:31,3
DA:32,3
DA:33,3
DA:34,1
DA:36,2
DA:43,2
DA:44,2
DA:45,2
DA:46,1
LF:17
LH:17
BRDA:11,0,0,0
BRDA:20,1,0,0
BRDA:22,2,0,1
BRDA:22,3,0,3
BRDA:22,3,1,2
BRDA:31,4,0,0
BRDA:33,5,0,1
BRDA:33,6,0,3
BRDA:33,6,1,2
BRDA:43,7,0,0
BRDA:45,8,0,1
BRDA:45,9,0,2
BRDA:45,9,1,1
BRF:13
BRH:9
end_of_record
TN:
SF:src\lib\storage\householdStorage.ts
FN:12,(anonymous_1)
FN:21,(anonymous_2)
FN:32,(anonymous_3)
FNF:3
FNH:3
FNDA:2,(anonymous_1)
FNDA:2,(anonymous_2)
FNDA:2,(anonymous_3)
DA:1,1
DA:3,1
DA:8,6
DA:13,2
DA:14,2
DA:22,2
DA:23,2
DA:25,2
DA:33,2
DA:34,2
DA:36,2
LF:11
LH:11
BRDA:13,0,0,0
BRDA:22,1,0,0
BRDA:33,2,0,0
BRF:3
BRH:0
end_of_record
TN:
SF:src\lib\utils\platform.ts
FN:8,(anonymous_1)
FN:16,(anonymous_2)
FN:26,(anonymous_3)
FN:34,(anonymous_4)
FN:44,(anonymous_5)
FN:51,(anonymous_6)
FNF:6
FNH:6
FNDA:6,(anonymous_1)
FNDA:4,(anonymous_2)
FNDA:3,(anonymous_3)
FNDA:3,(anonymous_4)
FNDA:2,(anonymous_5)
FNDA:2,(anonymous_6)
DA:4,20
DA:9,6
DA:10,5
DA:17,4
DA:18,3
DA:19,3
DA:20,3
DA:27,3
DA:28,2
DA:35,3
DA:36,2
DA:45,2
DA:52,2
LF:13
LH:13
BRDA:9,0,0,1
BRDA:17,1,0,1
BRDA:20,2,0,3
BRDA:20,2,1,2
BRDA:27,3,0,1
BRDA:35,4,0,1
BRDA:36,5,0,2
BRDA:36,5,1,1
BRDA:36,5,2,1
BRF:9
BRH:9
end_of_record
